<?xml version="1.0" encoding="UTF-8"?>
<!-- Generated by org.testng.reporters.JUnitXMLReporter -->
<testsuite ignored="0" hostname="MaiSherif" failures="1" tests="9" name="Test7" time="25.176" errors="0" timestamp="2022-12-29T13:16:55 EET">
  <testcase classname="tests.AssetRecomendation" name="loginJusticeWriter" time="0.138"/>
  <testcase classname="tests.AssetRecomendation" name="justicwriterapproval" time="25.025">
    <failure type="org.openqa.selenium.NoSuchElementException" message="Unable to locate element: (//td[@data-header=&amp;apos;View Request Details&amp;apos;]/a)[1]
For documentation on this error, please visit: https://selenium.dev/exceptions/#no_such_element
Build info: version: &amp;apos;4.1.4&amp;apos;, revision: &amp;apos;535d840ee2&amp;apos;
System info: host: &amp;apos;MAISHERIF&amp;apos;, ip: &amp;apos;192.168.3.231&amp;apos;, os.name: &amp;apos;Windows 10&amp;apos;, os.arch: &amp;apos;amd64&amp;apos;, os.version: &amp;apos;10.0&amp;apos;, java.version: &amp;apos;17.0.1&amp;apos;
Driver info: org.openqa.selenium.firefox.FirefoxDriver
Command: [2789ebcf-092a-4d1f-82b0-dc08173f8bf4, findElement {using=xpath, value=(//td[@data-header=&amp;apos;View Request Details&amp;apos;]/a)[1]}]
Capabilities {acceptInsecureCerts: true, browserName: firefox, browserVersion: 108.0.1, javascriptEnabled: true, moz:accessibilityChecks: false, moz:buildID: 20221215175817, moz:debuggerAddress: 127.0.0.1:61111, moz:geckodriverVersion: 0.32.0, moz:headless: false, moz:platformVersion: 10.0, moz:processID: 39644, moz:profile: C:\Users\CodeLab\AppData\Lo..., moz:shutdownTimeout: 60000, moz:useNonSpecCompliantPointerOrigin: false, moz:webdriverClick: true, moz:windowless: false, pageLoadStrategy: normal, platform: WINDOWS, platformName: WINDOWS, proxy: Proxy(), se:cdp: ws://127.0.0.1:61111/devtoo..., se:cdpVersion: 85.0, setWindowRect: true, strictFileInteractability: false, timeouts: {implicit: 0, pageLoad: 300000, script: 30000}, unhandledPromptBehavior: dismiss and notify}
Session ID: 2789ebcf-092a-4d1f-82b0-dc08173f8bf4">
      <![CDATA[org.openqa.selenium.NoSuchElementException: Unable to locate element: (//td[@data-header='View Request Details']/a)[1]
For documentation on this error, please visit: https://selenium.dev/exceptions/#no_such_element
Build info: version: '4.1.4', revision: '535d840ee2'
System info: host: 'MAISHERIF', ip: '192.168.3.231', os.name: 'Windows 10', os.arch: 'amd64', os.version: '10.0', java.version: '17.0.1'
Driver info: org.openqa.selenium.firefox.FirefoxDriver
Command: [2789ebcf-092a-4d1f-82b0-dc08173f8bf4, findElement {using=xpath, value=(//td[@data-header='View Request Details']/a)[1]}]
Capabilities {acceptInsecureCerts: true, browserName: firefox, browserVersion: 108.0.1, javascriptEnabled: true, moz:accessibilityChecks: false, moz:buildID: 20221215175817, moz:debuggerAddress: 127.0.0.1:61111, moz:geckodriverVersion: 0.32.0, moz:headless: false, moz:platformVersion: 10.0, moz:processID: 39644, moz:profile: C:\Users\CodeLab\AppData\Lo..., moz:shutdownTimeout: 60000, moz:useNonSpecCompliantPointerOrigin: false, moz:webdriverClick: true, moz:windowless: false, pageLoadStrategy: normal, platform: WINDOWS, platformName: WINDOWS, proxy: Proxy(), se:cdp: ws://127.0.0.1:61111/devtoo..., se:cdpVersion: 85.0, setWindowRect: true, strictFileInteractability: false, timeouts: {implicit: 0, pageLoad: 300000, script: 30000}, unhandledPromptBehavior: dismiss and notify}
Session ID: 2789ebcf-092a-4d1f-82b0-dc08173f8bf4
at org.openqa.selenium.remote.codec.w3c.W3CHttpResponseCodec.createException(W3CHttpResponseCodec.java:200)
at org.openqa.selenium.remote.codec.w3c.W3CHttpResponseCodec.decode(W3CHttpResponseCodec.java:133)
at org.openqa.selenium.remote.codec.w3c.W3CHttpResponseCodec.decode(W3CHttpResponseCodec.java:53)
at org.openqa.selenium.remote.HttpCommandExecutor.execute(HttpCommandExecutor.java:184)
at org.openqa.selenium.remote.service.DriverCommandExecutor.invokeExecute(DriverCommandExecutor.java:167)
at org.openqa.selenium.remote.service.DriverCommandExecutor.execute(DriverCommandExecutor.java:142)
at org.openqa.selenium.remote.RemoteWebDriver.execute(RemoteWebDriver.java:567)
at org.openqa.selenium.remote.ElementLocation$ElementFinder$2.findElement(ElementLocation.java:162)
at org.openqa.selenium.remote.ElementLocation.findElement(ElementLocation.java:60)
at org.openqa.selenium.remote.RemoteWebDriver.findElement(RemoteWebDriver.java:385)
at org.openqa.selenium.remote.RemoteWebDriver.findElement(RemoteWebDriver.java:377)
at pages.EvaluationClass.justicwriterapproval(EvaluationClass.java:606)
at tests.AssetRecomendation.justicwriterapproval(AssetRecomendation.java:37)
at java.base/java.util.ArrayList.forEach(ArrayList.java:1511)
at java.base/java.util.concurrent.FutureTask.run(FutureTask.java:264)
at java.base/java.util.concurrent.ThreadPoolExecutor.runWorker(ThreadPoolExecutor.java:1136)
at java.base/java.util.concurrent.ThreadPoolExecutor$Worker.run(ThreadPoolExecutor.java:635)
at java.base/java.lang.Thread.run(Thread.java:833)
... Removed 22 stack frames]]>
    </failure>
  </testcase> <!-- justicwriterapproval -->
  <testcase classname="tests.AssetRecomendation" name="logout1" time="0.0">
    <skipped/>
  </testcase> <!-- logout1 -->
  <testcase classname="tests.AssetRecomendation" name="loginLegalConsultationResearcher2" time="0.0">
    <skipped/>
  </testcase> <!-- loginLegalConsultationResearcher2 -->
  <testcase classname="tests.AssetRecomendation" name="addrecomendation" time="0.0">
    <skipped/>
  </testcase> <!-- addrecomendation -->
  <testcase classname="tests.AssetRecomendation" name="logout2" time="0.0">
    <skipped/>
  </testcase> <!-- logout2 -->
  <testcase classname="tests.AssetRecomendation" name="loginLegalConsultationapproval2" time="0.0">
    <skipped/>
  </testcase> <!-- loginLegalConsultationapproval2 -->
  <testcase classname="tests.AssetRecomendation" name="approverecomendation" time="0.0">
    <skipped/>
  </testcase> <!-- approverecomendation -->
  <testcase classname="tests.AssetRecomendation" name="logout3" time="0.0">
    <skipped/>
  </testcase> <!-- logout3 -->
</testsuite> <!-- Test7 -->
