<?xml version="1.0" encoding="UTF-8"?>
<!-- Generated by org.testng.reporters.JUnitXMLReporter -->
<testsuite ignored="0" hostname="MaiSherif" failures="1" tests="18" name="Test" time="136.706" errors="0" timestamp="2023-06-26T16:33:38 EET">
  <testcase classname="AuctionPlan.AddAuctionTasks" name="LoginExternalUser" time="3.529"/>
  <testcase classname="AuctionPlan.AddAuctionTasks" name="openauctionplan" time="11.695"/>
  <testcase classname="AuctionPlan.AddAuctionTasks" name="addmaininformationTask" time="15.075"/>
  <testcase classname="AuctionPlan.AddAuctionTasks" name="openauctionplan2" time="1.014"/>
  <testcase classname="AuctionPlan.AddAuctionTasks" name="addutilitybills" time="11.174"/>
  <testcase classname="AuctionPlan.ApproveAutionTasks" name="LoginPM" time="4.069"/>
  <testcase classname="AuctionPlan.ApproveAutionTasks" name="approveTasks" time="28.391"/>
  <testcase classname="ProjectsTests.assignSaleCommitteeTest" name="QALogin" time="3.756"/>
  <testcase classname="ProjectsTests.assignSaleCommitteeTest" name="OpenAuctionsList" time="6.186"/>
  <testcase classname="ProjectsTests.assignSaleCommitteeTest" name="OpenAuction" time="2.782"/>
  <testcase classname="ProjectsTests.assignSaleCommitteeTest" name="OpenCommitteeTab" time="8.452"/>
  <testcase classname="ProjectsTests.assignSaleCommitteeTest" name="ChooseHead" time="1.33"/>
  <testcase classname="ProjectsTests.assignSaleCommitteeTest" name="QALogout" time="0.04"/>
  <testcase classname="ProjectsTests.assignSaleCommitteeTest" name="CEOLogin" time="0.502"/>
  <testcase classname="ProjectsTests.assignSaleCommitteeTest" name="ApproveByCEO" time="2.994"/>
  <testcase classname="ProjectsTests.assignSaleCommitteeTest" name="CEOLogout" time="0.044"/>
  <testcase classname="ProjectsTests.assignSaleCommitteeTest" name="HeadLogin" time="0.442"/>
  <testcase classname="ProjectsTests.assignSaleCommitteeTest" name="AddSaleLetter" time="20.1">
    <failure type="org.openqa.selenium.NoSuchElementException" message="Unable to locate element: (//span[@class=&amp;apos;white-space-nowrap text-ellipsis&amp;apos;])[4]
For documentation on this error, please visit: https://selenium.dev/exceptions/#no_such_element
Build info: version: &amp;apos;4.1.4&amp;apos;, revision: &amp;apos;535d840ee2&amp;apos;
System info: host: &amp;apos;MAISHERIF&amp;apos;, ip: &amp;apos;192.168.1.16&amp;apos;, os.name: &amp;apos;Windows 10&amp;apos;, os.arch: &amp;apos;amd64&amp;apos;, os.version: &amp;apos;10.0&amp;apos;, java.version: &amp;apos;17.0.1&amp;apos;
Driver info: org.openqa.selenium.firefox.FirefoxDriver
Command: [ee145295-d36b-4b88-be45-e6145a203466, findElement {using=xpath, value=(//span[@class=&amp;apos;white-space-nowrap text-ellipsis&amp;apos;])[4]}]
Capabilities {acceptInsecureCerts: true, browserName: firefox, browserVersion: 114.0.1, javascriptEnabled: true, moz:accessibilityChecks: false, moz:buildID: 20230608214645, moz:debuggerAddress: 127.0.0.1:49239, moz:geckodriverVersion: 0.33.0, moz:headless: false, moz:platformVersion: 10.0, moz:processID: 34236, moz:profile: C:\Users\CodeLab\AppData\Lo..., moz:shutdownTimeout: 60000, moz:useNonSpecCompliantPointerOrigin: false, moz:webdriverClick: true, moz:windowless: false, pageLoadStrategy: normal, platform: WINDOWS, platformName: WINDOWS, proxy: Proxy(), se:cdp: ws://127.0.0.1:49239/devtoo..., se:cdpVersion: 85.0, setWindowRect: true, strictFileInteractability: false, timeouts: {implicit: 0, pageLoad: 300000, script: 30000}, unhandledPromptBehavior: dismiss and notify}
Session ID: ee145295-d36b-4b88-be45-e6145a203466">
      <![CDATA[org.openqa.selenium.NoSuchElementException: Unable to locate element: (//span[@class='white-space-nowrap text-ellipsis'])[4]
For documentation on this error, please visit: https://selenium.dev/exceptions/#no_such_element
Build info: version: '4.1.4', revision: '535d840ee2'
System info: host: 'MAISHERIF', ip: '192.168.1.16', os.name: 'Windows 10', os.arch: 'amd64', os.version: '10.0', java.version: '17.0.1'
Driver info: org.openqa.selenium.firefox.FirefoxDriver
Command: [ee145295-d36b-4b88-be45-e6145a203466, findElement {using=xpath, value=(//span[@class='white-space-nowrap text-ellipsis'])[4]}]
Capabilities {acceptInsecureCerts: true, browserName: firefox, browserVersion: 114.0.1, javascriptEnabled: true, moz:accessibilityChecks: false, moz:buildID: 20230608214645, moz:debuggerAddress: 127.0.0.1:49239, moz:geckodriverVersion: 0.33.0, moz:headless: false, moz:platformVersion: 10.0, moz:processID: 34236, moz:profile: C:\Users\CodeLab\AppData\Lo..., moz:shutdownTimeout: 60000, moz:useNonSpecCompliantPointerOrigin: false, moz:webdriverClick: true, moz:windowless: false, pageLoadStrategy: normal, platform: WINDOWS, platformName: WINDOWS, proxy: Proxy(), se:cdp: ws://127.0.0.1:49239/devtoo..., se:cdpVersion: 85.0, setWindowRect: true, strictFileInteractability: false, timeouts: {implicit: 0, pageLoad: 300000, script: 30000}, unhandledPromptBehavior: dismiss and notify}
Session ID: ee145295-d36b-4b88-be45-e6145a203466
at org.openqa.selenium.remote.codec.w3c.W3CHttpResponseCodec.createException(W3CHttpResponseCodec.java:200)
at org.openqa.selenium.remote.codec.w3c.W3CHttpResponseCodec.decode(W3CHttpResponseCodec.java:133)
at org.openqa.selenium.remote.codec.w3c.W3CHttpResponseCodec.decode(W3CHttpResponseCodec.java:53)
at org.openqa.selenium.remote.HttpCommandExecutor.execute(HttpCommandExecutor.java:184)
at org.openqa.selenium.remote.service.DriverCommandExecutor.invokeExecute(DriverCommandExecutor.java:167)
at org.openqa.selenium.remote.service.DriverCommandExecutor.execute(DriverCommandExecutor.java:142)
at org.openqa.selenium.remote.RemoteWebDriver.execute(RemoteWebDriver.java:567)
at org.openqa.selenium.remote.ElementLocation$ElementFinder$2.findElement(ElementLocation.java:162)
at org.openqa.selenium.remote.ElementLocation.findElement(ElementLocation.java:60)
at org.openqa.selenium.remote.RemoteWebDriver.findElement(RemoteWebDriver.java:385)
at org.openqa.selenium.remote.RemoteWebDriver.findElement(RemoteWebDriver.java:377)
at ProjectsPages.assignSaleComittee.AddSellLetter(assignSaleComittee.java:126)
at ProjectsTests.assignSaleCommitteeTest.AddSaleLetter(assignSaleCommitteeTest.java:96)
at java.base/java.util.ArrayList.forEach(ArrayList.java:1511)
... Removed 32 stack frames]]>
    </failure>
  </testcase> <!-- AddSaleLetter -->
</testsuite> <!-- Test -->
