<!DOCTYPE html PUBLIC "-//W3C//DTD XHTML 1.1//EN" "https://www.w3.org/TR/xhtml11/DTD/xhtml11.dtd">
<html xmlns="https://www.w3.org/1999/xhtml">
<head>
<meta http-equiv="content-type" content="text/html; charset=UTF-8"/>
<title>TestNG Report</title>
<style type="text/css">table {margin-bottom:10px;border-collapse:collapse;empty-cells:show}th,td {border:1px solid #009;padding:.25em .5em}th {vertical-align:bottom}td {vertical-align:top}table a {font-weight:bold}.stripe td {background-color: #E6EBF9}.num {text-align:right}.passedodd td {background-color: #3F3}.passedeven td {background-color: #0A0}.skippedodd td {background-color: #DDD}.skippedeven td {background-color: #CCC}.failedodd td,.attn {background-color: #F33}.failedeven td,.stripe .attn {background-color: #D00}.stacktrace {white-space:pre;font-family:monospace}.totop {font-size:85%;text-align:center;border-bottom:2px solid #000}.invisible {display:none}</style>
</head>
<body>
<table>
<tr><th>Test</th><th># Passed</th><th># Skipped</th><th># Retried</th><th># Failed</th><th>Time (ms)</th><th>Included Groups</th><th>Excluded Groups</th></tr>
<tr><th colspan="8">Suite</th></tr>
<tr><td><a href="#t0">Test</a></td><td class="num">15</td><td class="num attn">8</td><td class="num">0</td><td class="num attn">9</td><td class="num">434,397</td><td></td><td></td></tr>
</table>
<table id='summary'><thead><tr><th>Class</th><th>Method</th><th>Start</th><th>Time (ms)</th></tr></thead><tbody><tr><th colspan="4">Suite</th></tr></tbody><tbody id="t0"><tr><th colspan="4">Test &#8212; failed</th></tr><tr class="failedeven"><td rowspan="1">tests.AddrecomendationTest</td><td><a href="#m0">addrecomendation</a></td><td rowspan="1">1673267547386</td><td rowspan="1">32378</td></tr><tr class="failedodd"><td rowspan="1">tests.ApproveCaseReportbyEvaluationEmployee</td><td><a href="#m1">employeeevaluation</a></td><td rowspan="1">1673267425557</td><td rowspan="1">14209</td></tr><tr class="failedeven"><td rowspan="1">tests.ApproveCasereportEvaluationmanager</td><td><a href="#m2">managmentevaluation</a></td><td rowspan="1">1673267447991</td><td rowspan="1">31970</td></tr><tr class="failedodd"><td rowspan="1">tests.ApproverecomendationTest</td><td><a href="#m3">approverecomendation</a></td><td rowspan="1">1673267591141</td><td rowspan="1">36650</td></tr><tr class="failedeven"><td rowspan="1">tests.AssignEvaluatorTest</td><td><a href="#m4">AssignEvaluator</a></td><td rowspan="1">1673267363005</td><td rowspan="1">31382</td></tr><tr class="failedodd"><td rowspan="1">tests.DataEntryTest</td><td><a href="#m5">DataEntry</a></td><td rowspan="1">1673267230059</td><td rowspan="1">65731</td></tr><tr class="failedeven"><td rowspan="1">tests.FillDataJusticWriterTest</td><td><a href="#m6">justicwriterapproval</a></td><td rowspan="1">1673267495707</td><td rowspan="1">42112</td></tr><tr class="failedodd"><td rowspan="1">tests.PrepareCaseReportTest</td><td><a href="#m7">CaseReportTest</a></td><td rowspan="1">1673267400791</td><td rowspan="1">15222</td></tr><tr class="failedeven"><td rowspan="1">tests.RequestEvaluatorTest</td><td><a href="#m8">SendhireRequestTest</a></td><td rowspan="1">1673267325997</td><td rowspan="1">27303</td></tr><tr><th colspan="4">Test &#8212; skipped</th></tr><tr class="skippedeven"><td rowspan="1">tests.AddrecomendationTest</td><td><a href="#m9">logout2</a></td><td rowspan="1">1673267579767</td><td rowspan="1">0</td></tr><tr class="skippedodd"><td rowspan="1">tests.ApproveCaseReportbyEvaluationEmployee</td><td><a href="#m10">logout1</a></td><td rowspan="1">1673267439769</td><td rowspan="1">0</td></tr><tr class="skippedeven"><td rowspan="1">tests.ApproveCasereportEvaluationmanager</td><td><a href="#m11">logout2</a></td><td rowspan="1">1673267479964</td><td rowspan="1">0</td></tr><tr class="skippedodd"><td rowspan="1">tests.ApproverecomendationTest</td><td><a href="#m12">logout3</a></td><td rowspan="1">1673267627795</td><td rowspan="1">0</td></tr><tr class="skippedeven"><td rowspan="1">tests.AssignEvaluatorTest</td><td><a href="#m13">logout2</a></td><td rowspan="1">1673267394391</td><td rowspan="1">0</td></tr><tr class="skippedodd"><td rowspan="1">tests.DataEntryTest</td><td><a href="#m14">logout</a></td><td rowspan="1">1673267295794</td><td rowspan="1">0</td></tr><tr class="skippedeven"><td rowspan="1">tests.FillDataJusticWriterTest</td><td><a href="#m15">logout1</a></td><td rowspan="1">1673267537821</td><td rowspan="1">0</td></tr><tr class="skippedodd"><td rowspan="1">tests.RequestEvaluatorTest</td><td><a href="#m16">logout1</a></td><td rowspan="1">1673267353304</td><td rowspan="1">0</td></tr><tr><th colspan="4">Test &#8212; passed</th></tr><tr class="passedeven"><td rowspan="1">tests.AddrecomendationTest</td><td><a href="#m17">loginLegalConsultationResearcher2</a></td><td rowspan="1">1673267542470</td><td rowspan="1">4915</td></tr><tr class="passedodd"><td rowspan="1">tests.ApproveCaseReportbyEvaluationEmployee</td><td><a href="#m18">loginEvaluationEmploee</a></td><td rowspan="1">1673267420354</td><td rowspan="1">5202</td></tr><tr class="passedeven"><td rowspan="1">tests.ApproveCasereportEvaluationmanager</td><td><a href="#m19">LoginmanagerEvaluation</a></td><td rowspan="1">1673267444144</td><td rowspan="1">3845</td></tr><tr class="passedodd"><td rowspan="3">tests.ApprovePendingCreatedTask</td><td><a href="#m20">Assigntaskbyserverprovider</a></td><td rowspan="1">1673267305459</td><td rowspan="1">12340</td></tr><tr class="passedodd"><td><a href="#m21">LoginSuccessfullysuppervisor2</a></td><td rowspan="1">1673267300844</td><td rowspan="1">4614</td></tr><tr class="passedodd"><td><a href="#m22">logout</a></td><td rowspan="1">1673267317801</td><td rowspan="1">12</td></tr><tr class="passedeven"><td rowspan="1">tests.ApproverecomendationTest</td><td><a href="#m23">loginLegalConsultationapproval2</a></td><td rowspan="1">1673267586223</td><td rowspan="1">4918</td></tr><tr class="passedodd"><td rowspan="1">tests.AssignEvaluatorTest</td><td><a href="#m24">LoginSuccessfullyPurchasingdepartment</a></td><td rowspan="1">1673267357646</td><td rowspan="1">5357</td></tr><tr class="passedeven"><td rowspan="3">tests.AssignTaskfromSupervisior_Test</td><td><a href="#m25">Assigndataentry</a></td><td rowspan="1">1673267202456</td><td rowspan="1">11855</td></tr><tr class="passedeven"><td><a href="#m26">LoginSuccessfullysuppervisor</a></td><td rowspan="1">1673267198824</td><td rowspan="1">3627</td></tr><tr class="passedeven"><td><a href="#m27">logout1</a></td><td rowspan="1">1673267214312</td><td rowspan="1">17</td></tr><tr class="passedodd"><td rowspan="1">tests.DataEntryTest</td><td><a href="#m28">LoginSuccessfullydataentry</a></td><td rowspan="1">1673267221179</td><td rowspan="1">8879</td></tr><tr class="passedeven"><td rowspan="1">tests.FillDataJusticWriterTest</td><td><a href="#m29">loginJusticeWriter</a></td><td rowspan="1">1673267488073</td><td rowspan="1">7633</td></tr><tr class="passedodd"><td rowspan="1">tests.PrepareCaseReportTest</td><td><a href="#m30">LoginExternalUser</a></td><td rowspan="1">1673267398667</td><td rowspan="1">2123</td></tr><tr class="passedeven"><td rowspan="1">tests.RequestEvaluatorTest</td><td><a href="#m31">LoginSuccessfullyEvaluationManager</a></td><td rowspan="1">1673267322108</td><td rowspan="1">3888</td></tr></tbody>
</table>
<h2>Test</h2><h3 id="m0">tests.AddrecomendationTest#addrecomendation</h3><table class="result"><tr><th>Exception</th></tr><tr><td><div class="stacktrace">org.openqa.selenium.NoSuchElementException: Unable to locate element: (//div[@class=&apos;display-flex align-items-flex-start&apos;]/div[text()=&apos;Judicial Decision Number&apos;])[1]
For documentation on this error, please visit: https://selenium.dev/exceptions/#no_such_element
Build info: version: &apos;4.1.4&apos;, revision: &apos;535d840ee2&apos;
System info: host: &apos;MAISHERIF&apos;, ip: &apos;192.168.3.231&apos;, os.name: &apos;Windows 10&apos;, os.arch: &apos;amd64&apos;, os.version: &apos;10.0&apos;, java.version: &apos;17.0.1&apos;
Driver info: org.openqa.selenium.firefox.FirefoxDriver
Command: [d1f473e2-5f5e-44ae-98a6-bbbc457742ee, findElement {using=xpath, value=(//div[@class=&apos;display-flex align-items-flex-start&apos;]/div[text()=&apos;Judicial Decision Number&apos;])[1]}]
Capabilities {acceptInsecureCerts: true, browserName: firefox, browserVersion: 108.0.1, javascriptEnabled: true, moz:accessibilityChecks: false, moz:buildID: 20221215175817, moz:debuggerAddress: 127.0.0.1:51646, moz:geckodriverVersion: 0.32.0, moz:headless: false, moz:platformVersion: 10.0, moz:processID: 10832, moz:profile: C:\Users\CodeLab\AppData\Lo..., moz:shutdownTimeout: 60000, moz:useNonSpecCompliantPointerOrigin: false, moz:webdriverClick: true, moz:windowless: false, pageLoadStrategy: normal, platform: WINDOWS, platformName: WINDOWS, proxy: Proxy(), se:cdp: ws://127.0.0.1:51646/devtoo..., se:cdpVersion: 85.0, setWindowRect: true, strictFileInteractability: false, timeouts: {implicit: 0, pageLoad: 300000, script: 30000}, unhandledPromptBehavior: dismiss and notify}
Session ID: d1f473e2-5f5e-44ae-98a6-bbbc457742ee
	at org.openqa.selenium.remote.codec.w3c.W3CHttpResponseCodec.createException(W3CHttpResponseCodec.java:200)
	at org.openqa.selenium.remote.codec.w3c.W3CHttpResponseCodec.decode(W3CHttpResponseCodec.java:133)
	at org.openqa.selenium.remote.codec.w3c.W3CHttpResponseCodec.decode(W3CHttpResponseCodec.java:53)
	at org.openqa.selenium.remote.HttpCommandExecutor.execute(HttpCommandExecutor.java:184)
	at org.openqa.selenium.remote.service.DriverCommandExecutor.invokeExecute(DriverCommandExecutor.java:167)
	at org.openqa.selenium.remote.service.DriverCommandExecutor.execute(DriverCommandExecutor.java:142)
	at org.openqa.selenium.remote.RemoteWebDriver.execute(RemoteWebDriver.java:567)
	at org.openqa.selenium.remote.ElementLocation$ElementFinder$2.findElement(ElementLocation.java:162)
	at org.openqa.selenium.remote.ElementLocation.findElement(ElementLocation.java:60)
	at org.openqa.selenium.remote.RemoteWebDriver.findElement(RemoteWebDriver.java:385)
	at org.openqa.selenium.remote.RemoteWebDriver.findElement(RemoteWebDriver.java:377)
	at pages.AddRecomendationClass.opentask(AddRecomendationClass.java:52)
	at tests.AddrecomendationTest.addrecomendation(AddrecomendationTest.java:35)
	at java.base/java.util.ArrayList.forEach(ArrayList.java:1511)
... Removed 32 stack frames</div></td></tr></table><p class="totop"><a href="#summary">back to summary</a></p>
<h3 id="m1">tests.ApproveCaseReportbyEvaluationEmployee#employeeevaluation</h3><table class="result"><tr><th>Exception</th></tr><tr><td><div class="stacktrace">org.openqa.selenium.ElementNotInteractableException: Element &lt;input id=&quot;b4-b17-b1-SearchSource2&quot; class=&quot;form-control OSFillParent&quot; type=&quot;search&quot;&gt; is not reachable by keyboard
Build info: version: &apos;4.1.4&apos;, revision: &apos;535d840ee2&apos;
System info: host: &apos;MAISHERIF&apos;, ip: &apos;192.168.3.231&apos;, os.name: &apos;Windows 10&apos;, os.arch: &apos;amd64&apos;, os.version: &apos;10.0&apos;, java.version: &apos;17.0.1&apos;
Driver info: org.openqa.selenium.firefox.FirefoxDriver
Command: [7de29b57-874d-4ad2-98eb-6c0766547feb, sendKeysToElement {id=57821920-279c-498a-afed-7c05c802d0d4, value=[Ljava.lang.CharSequence;@1fb379e4}]
Capabilities {acceptInsecureCerts: true, browserName: firefox, browserVersion: 108.0.1, javascriptEnabled: true, moz:accessibilityChecks: false, moz:buildID: 20221215175817, moz:debuggerAddress: 127.0.0.1:56634, moz:geckodriverVersion: 0.32.0, moz:headless: false, moz:platformVersion: 10.0, moz:processID: 33420, moz:profile: C:\Users\CodeLab\AppData\Lo..., moz:shutdownTimeout: 60000, moz:useNonSpecCompliantPointerOrigin: false, moz:webdriverClick: true, moz:windowless: false, pageLoadStrategy: normal, platform: WINDOWS, platformName: WINDOWS, proxy: Proxy(), se:cdp: ws://127.0.0.1:56634/devtoo..., se:cdpVersion: 85.0, setWindowRect: true, strictFileInteractability: false, timeouts: {implicit: 0, pageLoad: 300000, script: 30000}, unhandledPromptBehavior: dismiss and notify}
Element: [[FirefoxDriver: firefox on WINDOWS (7de29b57-874d-4ad2-98eb-6c0766547feb)] -&gt; xpath: //input[@id=&apos;b4-b17-b1-SearchSource2&apos;]]
Session ID: 7de29b57-874d-4ad2-98eb-6c0766547feb
	at org.openqa.selenium.remote.codec.w3c.W3CHttpResponseCodec.createException(W3CHttpResponseCodec.java:200)
	at org.openqa.selenium.remote.codec.w3c.W3CHttpResponseCodec.decode(W3CHttpResponseCodec.java:133)
	at org.openqa.selenium.remote.codec.w3c.W3CHttpResponseCodec.decode(W3CHttpResponseCodec.java:53)
	at org.openqa.selenium.remote.HttpCommandExecutor.execute(HttpCommandExecutor.java:184)
	at org.openqa.selenium.remote.service.DriverCommandExecutor.invokeExecute(DriverCommandExecutor.java:167)
	at org.openqa.selenium.remote.service.DriverCommandExecutor.execute(DriverCommandExecutor.java:142)
	at org.openqa.selenium.remote.RemoteWebDriver.execute(RemoteWebDriver.java:567)
	at org.openqa.selenium.remote.RemoteWebElement.execute(RemoteWebElement.java:251)
	at org.openqa.selenium.remote.RemoteWebElement.sendKeys(RemoteWebElement.java:107)
	at pages.ApproveCaseReport.evaluationemployee(ApproveCaseReport.java:67)
	at tests.ApproveCaseReportbyEvaluationEmployee.employeeevaluation(ApproveCaseReportbyEvaluationEmployee.java:33)
	at java.base/java.util.ArrayList.forEach(ArrayList.java:1511)
... Removed 32 stack frames</div></td></tr></table><p class="totop"><a href="#summary">back to summary</a></p>
<h3 id="m2">tests.ApproveCasereportEvaluationmanager#managmentevaluation</h3><table class="result"><tr><th>Exception</th></tr><tr><td><div class="stacktrace">org.openqa.selenium.NoSuchElementException: Unable to locate element: #b4\-b17\-b1\-b27\-Btn_EvaluationManager_Approve
For documentation on this error, please visit: https://selenium.dev/exceptions/#no_such_element
Build info: version: &apos;4.1.4&apos;, revision: &apos;535d840ee2&apos;
System info: host: &apos;MAISHERIF&apos;, ip: &apos;192.168.3.231&apos;, os.name: &apos;Windows 10&apos;, os.arch: &apos;amd64&apos;, os.version: &apos;10.0&apos;, java.version: &apos;17.0.1&apos;
Driver info: org.openqa.selenium.firefox.FirefoxDriver
Command: [971228e7-b932-407c-a21d-48a1392777f4, findElement {using=id, value=b4-b17-b1-b27-Btn_EvaluationManager_Approve}]
Capabilities {acceptInsecureCerts: true, browserName: firefox, browserVersion: 108.0.1, javascriptEnabled: true, moz:accessibilityChecks: false, moz:buildID: 20221215175817, moz:debuggerAddress: 127.0.0.1:54854, moz:geckodriverVersion: 0.32.0, moz:headless: false, moz:platformVersion: 10.0, moz:processID: 7776, moz:profile: C:\Users\CodeLab\AppData\Lo..., moz:shutdownTimeout: 60000, moz:useNonSpecCompliantPointerOrigin: false, moz:webdriverClick: true, moz:windowless: false, pageLoadStrategy: normal, platform: WINDOWS, platformName: WINDOWS, proxy: Proxy(), se:cdp: ws://127.0.0.1:54854/devtoo..., se:cdpVersion: 85.0, setWindowRect: true, strictFileInteractability: false, timeouts: {implicit: 0, pageLoad: 300000, script: 30000}, unhandledPromptBehavior: dismiss and notify}
Session ID: 971228e7-b932-407c-a21d-48a1392777f4
	at org.openqa.selenium.remote.codec.w3c.W3CHttpResponseCodec.createException(W3CHttpResponseCodec.java:200)
	at org.openqa.selenium.remote.codec.w3c.W3CHttpResponseCodec.decode(W3CHttpResponseCodec.java:133)
	at org.openqa.selenium.remote.codec.w3c.W3CHttpResponseCodec.decode(W3CHttpResponseCodec.java:53)
	at org.openqa.selenium.remote.HttpCommandExecutor.execute(HttpCommandExecutor.java:184)
	at org.openqa.selenium.remote.service.DriverCommandExecutor.invokeExecute(DriverCommandExecutor.java:167)
	at org.openqa.selenium.remote.service.DriverCommandExecutor.execute(DriverCommandExecutor.java:142)
	at org.openqa.selenium.remote.RemoteWebDriver.execute(RemoteWebDriver.java:567)
	at org.openqa.selenium.remote.ElementLocation$ElementFinder$2.findElement(ElementLocation.java:162)
	at org.openqa.selenium.remote.ElementLocation.findElement(ElementLocation.java:66)
	at org.openqa.selenium.remote.RemoteWebDriver.findElement(RemoteWebDriver.java:385)
	at org.openqa.selenium.remote.RemoteWebDriver.findElement(RemoteWebDriver.java:377)
	at pages.ApproveCaseReport.evaluationmanager(ApproveCaseReport.java:106)
	at tests.ApproveCasereportEvaluationmanager.managmentevaluation(ApproveCasereportEvaluationmanager.java:34)
	at java.base/java.util.ArrayList.forEach(ArrayList.java:1511)
... Removed 32 stack frames</div></td></tr></table><p class="totop"><a href="#summary">back to summary</a></p>
<h3 id="m3">tests.ApproverecomendationTest#approverecomendation</h3><table class="result"><tr><th>Exception</th></tr><tr><td><div class="stacktrace">org.openqa.selenium.NoSuchElementException: Unable to locate element: (//i[@class=&apos;icon fa fa-check fa-1x&apos;])[3]
For documentation on this error, please visit: https://selenium.dev/exceptions/#no_such_element
Build info: version: &apos;4.1.4&apos;, revision: &apos;535d840ee2&apos;
System info: host: &apos;MAISHERIF&apos;, ip: &apos;192.168.3.231&apos;, os.name: &apos;Windows 10&apos;, os.arch: &apos;amd64&apos;, os.version: &apos;10.0&apos;, java.version: &apos;17.0.1&apos;
Driver info: org.openqa.selenium.firefox.FirefoxDriver
Command: [7a60200c-350c-4d65-8d64-e6fa6b843f9d, findElement {using=xpath, value=(//i[@class=&apos;icon fa fa-check fa-1x&apos;])[3]}]
Capabilities {acceptInsecureCerts: true, browserName: firefox, browserVersion: 108.0.1, javascriptEnabled: true, moz:accessibilityChecks: false, moz:buildID: 20221215175817, moz:debuggerAddress: 127.0.0.1:60097, moz:geckodriverVersion: 0.32.0, moz:headless: false, moz:platformVersion: 10.0, moz:processID: 32372, moz:profile: C:\Users\CodeLab\AppData\Lo..., moz:shutdownTimeout: 60000, moz:useNonSpecCompliantPointerOrigin: false, moz:webdriverClick: true, moz:windowless: false, pageLoadStrategy: normal, platform: WINDOWS, platformName: WINDOWS, proxy: Proxy(), se:cdp: ws://127.0.0.1:60097/devtoo..., se:cdpVersion: 85.0, setWindowRect: true, strictFileInteractability: false, timeouts: {implicit: 0, pageLoad: 300000, script: 30000}, unhandledPromptBehavior: dismiss and notify}
Session ID: 7a60200c-350c-4d65-8d64-e6fa6b843f9d
	at org.openqa.selenium.remote.codec.w3c.W3CHttpResponseCodec.createException(W3CHttpResponseCodec.java:200)
	at org.openqa.selenium.remote.codec.w3c.W3CHttpResponseCodec.decode(W3CHttpResponseCodec.java:133)
	at org.openqa.selenium.remote.codec.w3c.W3CHttpResponseCodec.decode(W3CHttpResponseCodec.java:53)
	at org.openqa.selenium.remote.HttpCommandExecutor.execute(HttpCommandExecutor.java:184)
	at org.openqa.selenium.remote.service.DriverCommandExecutor.invokeExecute(DriverCommandExecutor.java:167)
	at org.openqa.selenium.remote.service.DriverCommandExecutor.execute(DriverCommandExecutor.java:142)
	at org.openqa.selenium.remote.RemoteWebDriver.execute(RemoteWebDriver.java:567)
	at org.openqa.selenium.remote.ElementLocation$ElementFinder$2.findElement(ElementLocation.java:162)
	at org.openqa.selenium.remote.ElementLocation.findElement(ElementLocation.java:60)
	at org.openqa.selenium.remote.RemoteWebDriver.findElement(RemoteWebDriver.java:385)
	at org.openqa.selenium.remote.RemoteWebDriver.findElement(RemoteWebDriver.java:377)
	at pages.ApproveRecomendationClass.approverecomendation(ApproveRecomendationClass.java:63)
	at tests.ApproverecomendationTest.approverecomendation(ApproverecomendationTest.java:39)
	at java.base/java.util.ArrayList.forEach(ArrayList.java:1511)
... Removed 32 stack frames</div></td></tr></table><p class="totop"><a href="#summary">back to summary</a></p>
<h3 id="m4">tests.AssignEvaluatorTest#AssignEvaluator</h3><table class="result"><tr><th>Exception</th></tr><tr><td><div class="stacktrace">org.openqa.selenium.NoSuchElementException: Unable to locate element: //div[@class=&apos;choices&apos;]
For documentation on this error, please visit: https://selenium.dev/exceptions/#no_such_element
Build info: version: &apos;4.1.4&apos;, revision: &apos;535d840ee2&apos;
System info: host: &apos;MAISHERIF&apos;, ip: &apos;192.168.3.231&apos;, os.name: &apos;Windows 10&apos;, os.arch: &apos;amd64&apos;, os.version: &apos;10.0&apos;, java.version: &apos;17.0.1&apos;
Driver info: org.openqa.selenium.firefox.FirefoxDriver
Command: [560681d5-b747-4176-877a-716ccad45681, findElement {using=xpath, value=//div[@class=&apos;choices&apos;]}]
Capabilities {acceptInsecureCerts: true, browserName: firefox, browserVersion: 108.0.1, javascriptEnabled: true, moz:accessibilityChecks: false, moz:buildID: 20221215175817, moz:debuggerAddress: 127.0.0.1:63001, moz:geckodriverVersion: 0.32.0, moz:headless: false, moz:platformVersion: 10.0, moz:processID: 32644, moz:profile: C:\Users\CodeLab\AppData\Lo..., moz:shutdownTimeout: 60000, moz:useNonSpecCompliantPointerOrigin: false, moz:webdriverClick: true, moz:windowless: false, pageLoadStrategy: normal, platform: WINDOWS, platformName: WINDOWS, proxy: Proxy(), se:cdp: ws://127.0.0.1:63001/devtoo..., se:cdpVersion: 85.0, setWindowRect: true, strictFileInteractability: false, timeouts: {implicit: 0, pageLoad: 300000, script: 30000}, unhandledPromptBehavior: dismiss and notify}
Session ID: 560681d5-b747-4176-877a-716ccad45681
	at org.openqa.selenium.remote.codec.w3c.W3CHttpResponseCodec.createException(W3CHttpResponseCodec.java:200)
	at org.openqa.selenium.remote.codec.w3c.W3CHttpResponseCodec.decode(W3CHttpResponseCodec.java:133)
	at org.openqa.selenium.remote.codec.w3c.W3CHttpResponseCodec.decode(W3CHttpResponseCodec.java:53)
	at org.openqa.selenium.remote.HttpCommandExecutor.execute(HttpCommandExecutor.java:184)
	at org.openqa.selenium.remote.service.DriverCommandExecutor.invokeExecute(DriverCommandExecutor.java:167)
	at org.openqa.selenium.remote.service.DriverCommandExecutor.execute(DriverCommandExecutor.java:142)
	at org.openqa.selenium.remote.RemoteWebDriver.execute(RemoteWebDriver.java:567)
	at org.openqa.selenium.remote.ElementLocation$ElementFinder$2.findElement(ElementLocation.java:162)
	at org.openqa.selenium.remote.ElementLocation.findElement(ElementLocation.java:60)
	at org.openqa.selenium.remote.RemoteWebDriver.findElement(RemoteWebDriver.java:385)
	at org.openqa.selenium.remote.RemoteWebDriver.findElement(RemoteWebDriver.java:377)
	at pages.AssignEvaluatorClass.assignresposible(AssignEvaluatorClass.java:47)
	at tests.AssignEvaluatorTest.AssignEvaluator(AssignEvaluatorTest.java:33)
	at java.base/java.util.ArrayList.forEach(ArrayList.java:1511)
... Removed 32 stack frames</div></td></tr></table><p class="totop"><a href="#summary">back to summary</a></p>
<h3 id="m5">tests.DataEntryTest#DataEntry</h3><table class="result"><tr><th>Exception</th></tr><tr><td><div class="stacktrace">org.openqa.selenium.NoSuchElementException: Cannot locate option with index: 14
For documentation on this error, please visit: https://selenium.dev/exceptions/#no_such_element
Build info: version: &apos;4.1.4&apos;, revision: &apos;535d840ee2&apos;
System info: host: &apos;MAISHERIF&apos;, ip: &apos;192.168.3.231&apos;, os.name: &apos;Windows 10&apos;, os.arch: &apos;amd64&apos;, os.version: &apos;10.0&apos;, java.version: &apos;17.0.1&apos;
Driver info: driver.version: unknown
	at org.openqa.selenium.support.ui.Select.setSelectedByIndex(Select.java:301)
	at org.openqa.selenium.support.ui.Select.selectByIndex(Select.java:176)
	at pages.TaskPage.addassetsentry(TaskPage.java:306)
	at tests.DataEntryTest.DataEntry(DataEntryTest.java:40)
	at java.base/java.util.ArrayList.forEach(ArrayList.java:1511)
... Removed 27 stack frames</div></td></tr></table><p class="totop"><a href="#summary">back to summary</a></p>
<h3 id="m6">tests.FillDataJusticWriterTest#justicwriterapproval</h3><table class="result"><tr><th>Exception</th></tr><tr><td><div class="stacktrace">org.openqa.selenium.NoSuchElementException: Unable to locate element: //input[@id=&apos;b4-b1-FileUploadInput&apos;]
For documentation on this error, please visit: https://selenium.dev/exceptions/#no_such_element
Build info: version: &apos;4.1.4&apos;, revision: &apos;535d840ee2&apos;
System info: host: &apos;MAISHERIF&apos;, ip: &apos;192.168.3.231&apos;, os.name: &apos;Windows 10&apos;, os.arch: &apos;amd64&apos;, os.version: &apos;10.0&apos;, java.version: &apos;17.0.1&apos;
Driver info: org.openqa.selenium.firefox.FirefoxDriver
Command: [91c9489f-eb0d-4b87-a8e9-8ba9851d3e51, findElement {using=xpath, value=//input[@id=&apos;b4-b1-FileUploadInput&apos;]}]
Capabilities {acceptInsecureCerts: true, browserName: firefox, browserVersion: 108.0.1, javascriptEnabled: true, moz:accessibilityChecks: false, moz:buildID: 20221215175817, moz:debuggerAddress: 127.0.0.1:56536, moz:geckodriverVersion: 0.32.0, moz:headless: false, moz:platformVersion: 10.0, moz:processID: 25216, moz:profile: C:\Users\CodeLab\AppData\Lo..., moz:shutdownTimeout: 60000, moz:useNonSpecCompliantPointerOrigin: false, moz:webdriverClick: true, moz:windowless: false, pageLoadStrategy: normal, platform: WINDOWS, platformName: WINDOWS, proxy: Proxy(), se:cdp: ws://127.0.0.1:56536/devtoo..., se:cdpVersion: 85.0, setWindowRect: true, strictFileInteractability: false, timeouts: {implicit: 0, pageLoad: 300000, script: 30000}, unhandledPromptBehavior: dismiss and notify}
Session ID: 91c9489f-eb0d-4b87-a8e9-8ba9851d3e51
	at org.openqa.selenium.remote.codec.w3c.W3CHttpResponseCodec.createException(W3CHttpResponseCodec.java:200)
	at org.openqa.selenium.remote.codec.w3c.W3CHttpResponseCodec.decode(W3CHttpResponseCodec.java:133)
	at org.openqa.selenium.remote.codec.w3c.W3CHttpResponseCodec.decode(W3CHttpResponseCodec.java:53)
	at org.openqa.selenium.remote.HttpCommandExecutor.execute(HttpCommandExecutor.java:184)
	at org.openqa.selenium.remote.service.DriverCommandExecutor.invokeExecute(DriverCommandExecutor.java:167)
	at org.openqa.selenium.remote.service.DriverCommandExecutor.execute(DriverCommandExecutor.java:142)
	at org.openqa.selenium.remote.RemoteWebDriver.execute(RemoteWebDriver.java:567)
	at org.openqa.selenium.remote.ElementLocation$ElementFinder$2.findElement(ElementLocation.java:162)
	at org.openqa.selenium.remote.ElementLocation.findElement(ElementLocation.java:60)
	at org.openqa.selenium.remote.RemoteWebDriver.findElement(RemoteWebDriver.java:385)
	at org.openqa.selenium.remote.RemoteWebDriver.findElement(RemoteWebDriver.java:377)
	at pages.FilldataJusticWriterClass.justicwriterapproval(FilldataJusticWriterClass.java:71)
	at tests.FillDataJusticWriterTest.justicwriterapproval(FillDataJusticWriterTest.java:37)
	at java.base/java.util.ArrayList.forEach(ArrayList.java:1511)
... Removed 32 stack frames</div></td></tr></table><p class="totop"><a href="#summary">back to summary</a></p>
<h3 id="m7">tests.PrepareCaseReportTest#CaseReportTest</h3><table class="result"><tr><th>Exception</th></tr><tr><td><div class="stacktrace">org.openqa.selenium.ElementNotInteractableException: Element &lt;input id=&quot;b5-b17-b1-b7-Input_DateVar&quot; class=&quot;form-control OSFillParent&quot; type=&quot;date&quot;&gt; is not reachable by keyboard
Build info: version: &apos;4.1.4&apos;, revision: &apos;535d840ee2&apos;
System info: host: &apos;MAISHERIF&apos;, ip: &apos;192.168.3.231&apos;, os.name: &apos;Windows 10&apos;, os.arch: &apos;amd64&apos;, os.version: &apos;10.0&apos;, java.version: &apos;17.0.1&apos;
Driver info: org.openqa.selenium.firefox.FirefoxDriver
Command: [2b12a410-c2f4-4361-9d9d-23e42dce5e29, sendKeysToElement {id=d580a5f1-0efa-4935-b7db-da50278464dc, value=[Ljava.lang.CharSequence;@1b83fac3}]
Capabilities {acceptInsecureCerts: true, browserName: firefox, browserVersion: 108.0.1, javascriptEnabled: true, moz:accessibilityChecks: false, moz:buildID: 20221215175817, moz:debuggerAddress: 127.0.0.1:57088, moz:geckodriverVersion: 0.32.0, moz:headless: false, moz:platformVersion: 10.0, moz:processID: 18372, moz:profile: C:\Users\CodeLab\AppData\Lo..., moz:shutdownTimeout: 60000, moz:useNonSpecCompliantPointerOrigin: false, moz:webdriverClick: true, moz:windowless: false, pageLoadStrategy: normal, platform: WINDOWS, platformName: WINDOWS, proxy: Proxy(), se:cdp: ws://127.0.0.1:57088/devtoo..., se:cdpVersion: 85.0, setWindowRect: true, strictFileInteractability: false, timeouts: {implicit: 0, pageLoad: 300000, script: 30000}, unhandledPromptBehavior: dismiss and notify}
Element: [[FirefoxDriver: firefox on WINDOWS (2b12a410-c2f4-4361-9d9d-23e42dce5e29)] -&gt; xpath: (//span[@class=&apos;input-date&apos;]/input)[1]]
Session ID: 2b12a410-c2f4-4361-9d9d-23e42dce5e29
	at org.openqa.selenium.remote.codec.w3c.W3CHttpResponseCodec.createException(W3CHttpResponseCodec.java:200)
	at org.openqa.selenium.remote.codec.w3c.W3CHttpResponseCodec.decode(W3CHttpResponseCodec.java:133)
	at org.openqa.selenium.remote.codec.w3c.W3CHttpResponseCodec.decode(W3CHttpResponseCodec.java:53)
	at org.openqa.selenium.remote.HttpCommandExecutor.execute(HttpCommandExecutor.java:184)
	at org.openqa.selenium.remote.service.DriverCommandExecutor.invokeExecute(DriverCommandExecutor.java:167)
	at org.openqa.selenium.remote.service.DriverCommandExecutor.execute(DriverCommandExecutor.java:142)
	at org.openqa.selenium.remote.RemoteWebDriver.execute(RemoteWebDriver.java:567)
	at org.openqa.selenium.remote.RemoteWebElement.execute(RemoteWebElement.java:251)
	at org.openqa.selenium.remote.RemoteWebElement.sendKeys(RemoteWebElement.java:107)
	at pages.EvaluationClass.addreportdata(EvaluationClass.java:68)
	at tests.PrepareCaseReportTest.CaseReportTest(PrepareCaseReportTest.java:35)
	at java.base/java.util.ArrayList.forEach(ArrayList.java:1511)
... Removed 32 stack frames</div></td></tr></table><p class="totop"><a href="#summary">back to summary</a></p>
<h3 id="m8">tests.RequestEvaluatorTest#SendhireRequestTest</h3><table class="result"><tr><th>Exception</th></tr><tr><td><div class="stacktrace">org.openqa.selenium.NoSuchElementException: Unable to locate element: (//div[@class=&apos;position-absolute absolute-top-right &apos;]/span/input)[4]
For documentation on this error, please visit: https://selenium.dev/exceptions/#no_such_element
Build info: version: &apos;4.1.4&apos;, revision: &apos;535d840ee2&apos;
System info: host: &apos;MAISHERIF&apos;, ip: &apos;192.168.3.231&apos;, os.name: &apos;Windows 10&apos;, os.arch: &apos;amd64&apos;, os.version: &apos;10.0&apos;, java.version: &apos;17.0.1&apos;
Driver info: org.openqa.selenium.firefox.FirefoxDriver
Command: [06b81b44-f6f1-4a38-80db-cb5b94396f51, findElement {using=xpath, value=(//div[@class=&apos;position-absolute absolute-top-right &apos;]/span/input)[4]}]
Capabilities {acceptInsecureCerts: true, browserName: firefox, browserVersion: 108.0.1, javascriptEnabled: true, moz:accessibilityChecks: false, moz:buildID: 20221215175817, moz:debuggerAddress: 127.0.0.1:54581, moz:geckodriverVersion: 0.32.0, moz:headless: false, moz:platformVersion: 10.0, moz:processID: 26828, moz:profile: C:\Users\CodeLab\AppData\Lo..., moz:shutdownTimeout: 60000, moz:useNonSpecCompliantPointerOrigin: false, moz:webdriverClick: true, moz:windowless: false, pageLoadStrategy: normal, platform: WINDOWS, platformName: WINDOWS, proxy: Proxy(), se:cdp: ws://127.0.0.1:54581/devtoo..., se:cdpVersion: 85.0, setWindowRect: true, strictFileInteractability: false, timeouts: {implicit: 0, pageLoad: 300000, script: 30000}, unhandledPromptBehavior: dismiss and notify}
Session ID: 06b81b44-f6f1-4a38-80db-cb5b94396f51
	at org.openqa.selenium.remote.codec.w3c.W3CHttpResponseCodec.createException(W3CHttpResponseCodec.java:200)
	at org.openqa.selenium.remote.codec.w3c.W3CHttpResponseCodec.decode(W3CHttpResponseCodec.java:133)
	at org.openqa.selenium.remote.codec.w3c.W3CHttpResponseCodec.decode(W3CHttpResponseCodec.java:53)
	at org.openqa.selenium.remote.HttpCommandExecutor.execute(HttpCommandExecutor.java:184)
	at org.openqa.selenium.remote.service.DriverCommandExecutor.invokeExecute(DriverCommandExecutor.java:167)
	at org.openqa.selenium.remote.service.DriverCommandExecutor.execute(DriverCommandExecutor.java:142)
	at org.openqa.selenium.remote.RemoteWebDriver.execute(RemoteWebDriver.java:567)
	at org.openqa.selenium.remote.ElementLocation$ElementFinder$2.findElement(ElementLocation.java:162)
	at org.openqa.selenium.remote.ElementLocation.findElement(ElementLocation.java:60)
	at org.openqa.selenium.remote.RemoteWebDriver.findElement(RemoteWebDriver.java:385)
	at org.openqa.selenium.remote.RemoteWebDriver.findElement(RemoteWebDriver.java:377)
	at pages.RequestEvaluatorClass.selectassets(RequestEvaluatorClass.java:47)
	at tests.RequestEvaluatorTest.SendhireRequestTest(RequestEvaluatorTest.java:36)
	at java.base/java.util.ArrayList.forEach(ArrayList.java:1511)
... Removed 32 stack frames</div></td></tr></table><p class="totop"><a href="#summary">back to summary</a></p>
<h3 id="m9">tests.AddrecomendationTest#logout2</h3><table class="result"><tr><th>Exception</th></tr><tr><td><div class="stacktrace">java.lang.Throwable: Method tests.AddrecomendationTest.logout2() on instance tests.AddrecomendationTest@17f62e33 depends on not successfully finished methods 
[tests.AddrecomendationTest.addrecomendation() on instance tests.AddrecomendationTest@17f62e33]
	at java.base/java.util.ArrayList.forEach(ArrayList.java:1511)
... Removed 18 stack frames</div></td></tr></table><p class="totop"><a href="#summary">back to summary</a></p>
<h3 id="m10">tests.ApproveCaseReportbyEvaluationEmployee#logout1</h3><table class="result"><tr><th>Exception</th></tr><tr><td><div class="stacktrace">java.lang.Throwable: Method tests.ApproveCaseReportbyEvaluationEmployee.logout1() on instance tests.ApproveCaseReportbyEvaluationEmployee@173ed316 depends on not successfully finished methods 
[tests.ApproveCaseReportbyEvaluationEmployee.employeeevaluation() on instance tests.ApproveCaseReportbyEvaluationEmployee@173ed316]
	at java.base/java.util.ArrayList.forEach(ArrayList.java:1511)
... Removed 18 stack frames</div></td></tr></table><p class="totop"><a href="#summary">back to summary</a></p>
<h3 id="m11">tests.ApproveCasereportEvaluationmanager#logout2</h3><table class="result"><tr><th>Exception</th></tr><tr><td><div class="stacktrace">java.lang.Throwable: Method tests.ApproveCasereportEvaluationmanager.logout2() on instance tests.ApproveCasereportEvaluationmanager@25ce9dc4 depends on not successfully finished methods 
[tests.ApproveCasereportEvaluationmanager.managmentevaluation() on instance tests.ApproveCasereportEvaluationmanager@25ce9dc4]
	at java.base/java.util.ArrayList.forEach(ArrayList.java:1511)
... Removed 18 stack frames</div></td></tr></table><p class="totop"><a href="#summary">back to summary</a></p>
<h3 id="m12">tests.ApproverecomendationTest#logout3</h3><table class="result"><tr><th>Exception</th></tr><tr><td><div class="stacktrace">java.lang.Throwable: Method tests.ApproverecomendationTest.logout3() on instance tests.ApproverecomendationTest@76b1e9b8 depends on not successfully finished methods 
[tests.ApproverecomendationTest.approverecomendation() on instance tests.ApproverecomendationTest@76b1e9b8]
	at java.base/java.util.ArrayList.forEach(ArrayList.java:1511)
... Removed 18 stack frames</div></td></tr></table><p class="totop"><a href="#summary">back to summary</a></p>
<h3 id="m13">tests.AssignEvaluatorTest#logout2</h3><table class="result"><tr><th>Exception</th></tr><tr><td><div class="stacktrace">java.lang.Throwable: Method tests.AssignEvaluatorTest.logout2() on instance tests.AssignEvaluatorTest@7674f035 depends on not successfully finished methods 
[tests.AssignEvaluatorTest.AssignEvaluator() on instance tests.AssignEvaluatorTest@7674f035]
	at java.base/java.util.ArrayList.forEach(ArrayList.java:1511)
... Removed 18 stack frames</div></td></tr></table><p class="totop"><a href="#summary">back to summary</a></p>
<h3 id="m14">tests.DataEntryTest#logout</h3><table class="result"><tr><th>Exception</th></tr><tr><td><div class="stacktrace">java.lang.Throwable: Method tests.DataEntryTest.logout() on instance tests.DataEntryTest@8f2ef19 depends on not successfully finished methods 
[tests.DataEntryTest.DataEntry() on instance tests.DataEntryTest@8f2ef19]
	at java.base/java.util.ArrayList.forEach(ArrayList.java:1511)
... Removed 18 stack frames</div></td></tr></table><p class="totop"><a href="#summary">back to summary</a></p>
<h3 id="m15">tests.FillDataJusticWriterTest#logout1</h3><table class="result"><tr><th>Exception</th></tr><tr><td><div class="stacktrace">java.lang.Throwable: Method tests.FillDataJusticWriterTest.logout1() on instance tests.FillDataJusticWriterTest@74ea2410 depends on not successfully finished methods 
[tests.FillDataJusticWriterTest.justicwriterapproval() on instance tests.FillDataJusticWriterTest@74ea2410]
	at java.base/java.util.ArrayList.forEach(ArrayList.java:1511)
... Removed 18 stack frames</div></td></tr></table><p class="totop"><a href="#summary">back to summary</a></p>
<h3 id="m16">tests.RequestEvaluatorTest#logout1</h3><table class="result"><tr><th>Exception</th></tr><tr><td><div class="stacktrace">java.lang.Throwable: Method tests.RequestEvaluatorTest.logout1() on instance tests.RequestEvaluatorTest@2cf3d63b depends on not successfully finished methods 
[tests.RequestEvaluatorTest.SendhireRequestTest() on instance tests.RequestEvaluatorTest@2cf3d63b]
	at java.base/java.util.ArrayList.forEach(ArrayList.java:1511)
... Removed 18 stack frames</div></td></tr></table><p class="totop"><a href="#summary">back to summary</a></p>
<h3 id="m17">tests.AddrecomendationTest#loginLegalConsultationResearcher2</h3><table class="result"><tr><th class="invisible"/></tr></table><p class="totop"><a href="#summary">back to summary</a></p>
<h3 id="m18">tests.ApproveCaseReportbyEvaluationEmployee#loginEvaluationEmploee</h3><table class="result"><tr><th class="invisible"/></tr></table><p class="totop"><a href="#summary">back to summary</a></p>
<h3 id="m19">tests.ApproveCasereportEvaluationmanager#LoginmanagerEvaluation</h3><table class="result"><tr><th class="invisible"/></tr></table><p class="totop"><a href="#summary">back to summary</a></p>
<h3 id="m20">tests.ApprovePendingCreatedTask#Assigntaskbyserverprovider</h3><table class="result"><tr><th class="invisible"/></tr></table><p class="totop"><a href="#summary">back to summary</a></p>
<h3 id="m21">tests.ApprovePendingCreatedTask#LoginSuccessfullysuppervisor2</h3><table class="result"><tr><th class="invisible"/></tr></table><p class="totop"><a href="#summary">back to summary</a></p>
<h3 id="m22">tests.ApprovePendingCreatedTask#logout</h3><table class="result"><tr><th class="invisible"/></tr></table><p class="totop"><a href="#summary">back to summary</a></p>
<h3 id="m23">tests.ApproverecomendationTest#loginLegalConsultationapproval2</h3><table class="result"><tr><th class="invisible"/></tr></table><p class="totop"><a href="#summary">back to summary</a></p>
<h3 id="m24">tests.AssignEvaluatorTest#LoginSuccessfullyPurchasingdepartment</h3><table class="result"><tr><th class="invisible"/></tr></table><p class="totop"><a href="#summary">back to summary</a></p>
<h3 id="m25">tests.AssignTaskfromSupervisior_Test#Assigndataentry</h3><table class="result"><tr><th class="invisible"/></tr></table><p class="totop"><a href="#summary">back to summary</a></p>
<h3 id="m26">tests.AssignTaskfromSupervisior_Test#LoginSuccessfullysuppervisor</h3><table class="result"><tr><th class="invisible"/></tr></table><p class="totop"><a href="#summary">back to summary</a></p>
<h3 id="m27">tests.AssignTaskfromSupervisior_Test#logout1</h3><table class="result"><tr><th class="invisible"/></tr></table><p class="totop"><a href="#summary">back to summary</a></p>
<h3 id="m28">tests.DataEntryTest#LoginSuccessfullydataentry</h3><table class="result"><tr><th class="invisible"/></tr></table><p class="totop"><a href="#summary">back to summary</a></p>
<h3 id="m29">tests.FillDataJusticWriterTest#loginJusticeWriter</h3><table class="result"><tr><th class="invisible"/></tr></table><p class="totop"><a href="#summary">back to summary</a></p>
<h3 id="m30">tests.PrepareCaseReportTest#LoginExternalUser</h3><table class="result"><tr><th class="invisible"/></tr></table><p class="totop"><a href="#summary">back to summary</a></p>
<h3 id="m31">tests.RequestEvaluatorTest#LoginSuccessfullyEvaluationManager</h3><table class="result"><tr><th class="invisible"/></tr></table><p class="totop"><a href="#summary">back to summary</a></p>
</body>
</html>
