<!DOCTYPE html>

<html>
  <head>
  <meta charset='utf-8'>
  <title>TestNG reports</title>

    <link type="text/css" href="testng-reports1.css" rel="stylesheet" id="ultra" />
    <link type="text/css" href="testng-reports.css" rel="stylesheet" id="retro" disabled="false"/>
    <script type="text/javascript" src="jquery-3.6.0.min.js"></script>
    <script type="text/javascript" src="testng-reports.js"></script>
    <script type="text/javascript" src="https://www.google.com/jsapi"></script>
    <script type='text/javascript'>
      google.load('visualization', '1', {packages:['table']});
      google.setOnLoadCallback(drawTable);
      var suiteTableInitFunctions = new Array();
      var suiteTableData = new Array();
    </script>
    <!--
      <script type="text/javascript" src="jquery-ui/js/jquery-ui-1.8.16.custom.min.js"></script>
     -->
  </head>

  <body>    <div class="top-banner-root">
      <span class="top-banner-title-font">Test results</span>
      <button id="button" class="button">Switch Retro Theme</button> <!-- button -->
      <br/>
      <span class="top-banner-font-1">1 suite</span>
    </div> <!-- top-banner-root -->
    <div class="navigator-root">
      <div class="navigator-suite-header">
        <span>All suites</span>
        <a href="#" title="Collapse/expand all the suites" class="collapse-all-link">
          <img src="collapseall.gif" class="collapse-all-icon">
          </img> <!-- collapse-all-icon -->
        </a> <!-- collapse-all-link -->
      </div> <!-- navigator-suite-header -->
      <div class="suite">
        <div class="rounded-window">
          <div class="suite-header light-rounded-window-top">
            <a href="#" panel-name="suite-Suite" class="navigator-link">
              <span class="suite-name border-skipped">Suite</span>
            </a> <!-- navigator-link -->
          </div> <!-- suite-header light-rounded-window-top -->
          <div class="navigator-suite-content">
            <div class="suite-section-title">
              <span>Info</span>
            </div> <!-- suite-section-title -->
            <div class="suite-section-content">
              <ul>
                <li>
                  <a href="#" panel-name="test-xml-Suite" class="navigator-link ">
                    <span>C:\Users\CodeLab\OneDrive\Desktop\Automtionscript\UEP-FirstPublicRelease\InfathSolution\testng.xml</span>
                  </a> <!-- navigator-link  -->
                </li>
                <li>
                  <a href="#" panel-name="testlist-Suite" class="navigator-link ">
                    <span class="test-stats">1 test</span>
                  </a> <!-- navigator-link  -->
                </li>
                <li>
                  <a href="#" panel-name="group-Suite" class="navigator-link ">
                    <span>0 groups</span>
                  </a> <!-- navigator-link  -->
                </li>
                <li>
                  <a href="#" panel-name="times-Suite" class="navigator-link ">
                    <span>Times</span>
                  </a> <!-- navigator-link  -->
                </li>
                <li>
                  <a href="#" panel-name="reporter-Suite" class="navigator-link ">
                    <span>Reporter output</span>
                  </a> <!-- navigator-link  -->
                </li>
                <li>
                  <a href="#" panel-name="ignored-methods-Suite" class="navigator-link ">
                    <span>Ignored methods</span>
                  </a> <!-- navigator-link  -->
                </li>
                <li>
                  <a href="#" panel-name="chronological-Suite" class="navigator-link ">
                    <span>Chronological view</span>
                  </a> <!-- navigator-link  -->
                </li>
              </ul>
            </div> <!-- suite-section-content -->
            <div class="result-section">
              <div class="suite-section-title">
                <span>Results</span>
              </div> <!-- suite-section-title -->
              <div class="suite-section-content">
                <ul>
                  <li>
                    <span class="method-stats">23 methods,  23 skipped,  </span>
                  </li>
                  <li>
                    <span class="method-list-title skipped">Skipped methods</span>
                    <span class="show-or-hide-methods skipped">
                      <a href="#" panel-name="suite-Suite" class="hide-methods skipped suite-Suite"> (hide)</a> <!-- hide-methods skipped suite-Suite -->
                      <a href="#" panel-name="suite-Suite" class="show-methods skipped suite-Suite"> (show)</a> <!-- show-methods skipped suite-Suite -->
                    </span>
                    <div class="method-list-content skipped suite-Suite">
                      <span>
                        <img src="skipped.png" width="3%"/>
                        <a href="#" panel-name="suite-Suite" title="tests.TaskTest" class="method navigator-link" hash-for-method="Assigndataentry">Assigndataentry</a> <!-- method navigator-link -->
                      </span>
                      <br/>
                      <span>
                        <img src="skipped.png" width="3%"/>
                        <a href="#" panel-name="suite-Suite" title="tests.ApprovePendingCreatedTask" class="method navigator-link" hash-for-method="Assigntaskbyserverprovider">Assigntaskbyserverprovider</a> <!-- method navigator-link -->
                      </span>
                      <br/>
                      <span>
                        <img src="skipped.png" width="3%"/>
                        <a href="#" panel-name="suite-Suite" title="tests.CaseStudytest" class="method navigator-link" hash-for-method="CaseReportTest">CaseReportTest</a> <!-- method navigator-link -->
                      </span>
                      <br/>
                      <span>
                        <img src="skipped.png" width="3%"/>
                        <a href="#" panel-name="suite-Suite" title="tests.DataEntryTest" class="method navigator-link" hash-for-method="DataEntry">DataEntry</a> <!-- method navigator-link -->
                      </span>
                      <br/>
                      <span>
                        <img src="skipped.png" width="3%"/>
                        <a href="#" panel-name="suite-Suite" title="tests.EvaluationTest" class="method navigator-link" hash-for-method="Evaluator">Evaluator</a> <!-- method navigator-link -->
                      </span>
                      <br/>
                      <span>
                        <img src="skipped.png" width="3%"/>
                        <a href="#" panel-name="suite-Suite" title="tests.CaseStudytest" class="method navigator-link" hash-for-method="LoginExternalUser">LoginExternalUser</a> <!-- method navigator-link -->
                      </span>
                      <br/>
                      <span>
                        <img src="skipped.png" width="3%"/>
                        <a href="#" panel-name="suite-Suite" title="tests.EvaluationTest" class="method navigator-link" hash-for-method="LoginSuccessfullyEvaluationManager">LoginSuccessfullyEvaluationManager</a> <!-- method navigator-link -->
                      </span>
                      <br/>
                      <span>
                        <img src="skipped.png" width="3%"/>
                        <a href="#" panel-name="suite-Suite" title="tests.EvaluationTest" class="method navigator-link" hash-for-method="LoginSuccessfullyPurchasingdepartment">LoginSuccessfullyPurchasingdepartment</a> <!-- method navigator-link -->
                      </span>
                      <br/>
                      <span>
                        <img src="skipped.png" width="3%"/>
                        <a href="#" panel-name="suite-Suite" title="tests.DataEntryTest" class="method navigator-link" hash-for-method="LoginSuccessfullydataentry">LoginSuccessfullydataentry</a> <!-- method navigator-link -->
                      </span>
                      <br/>
                      <span>
                        <img src="skipped.png" width="3%"/>
                        <a href="#" panel-name="suite-Suite" title="tests.TaskTest" class="method navigator-link" hash-for-method="LoginSuccessfullysuppervisor">LoginSuccessfullysuppervisor</a> <!-- method navigator-link -->
                      </span>
                      <br/>
                      <span>
                        <img src="skipped.png" width="3%"/>
                        <a href="#" panel-name="suite-Suite" title="tests.ApprovePendingCreatedTask" class="method navigator-link" hash-for-method="LoginSuccessfullysuppervisor2">LoginSuccessfullysuppervisor2</a> <!-- method navigator-link -->
                      </span>
                      <br/>
                      <span>
                        <img src="skipped.png" width="3%"/>
                        <a href="#" panel-name="suite-Suite" title="tests.ApproveEvaluationTest" class="method navigator-link" hash-for-method="LoginmanagerEvaluation">LoginmanagerEvaluation</a> <!-- method navigator-link -->
                      </span>
                      <br/>
                      <span>
                        <img src="skipped.png" width="3%"/>
                        <a href="#" panel-name="suite-Suite" title="tests.EvaluationTest" class="method navigator-link" hash-for-method="SendhireRequestTest">SendhireRequestTest</a> <!-- method navigator-link -->
                      </span>
                      <br/>
                      <span>
                        <img src="skipped.png" width="3%"/>
                        <a href="#" panel-name="suite-Suite" title="tests.ApproveEvaluationTest" class="method navigator-link" hash-for-method="employeeevaluation">employeeevaluation</a> <!-- method navigator-link -->
                      </span>
                      <br/>
                      <span>
                        <img src="skipped.png" width="3%"/>
                        <a href="#" panel-name="suite-Suite" title="tests.ApproveEvaluationTest" class="method navigator-link" hash-for-method="loginEvaluationEmploee">loginEvaluationEmploee</a> <!-- method navigator-link -->
                      </span>
                      <br/>
                      <span>
                        <img src="skipped.png" width="3%"/>
                        <a href="#" panel-name="suite-Suite" title="tests.DataEntryTest" class="method navigator-link" hash-for-method="logout">logout</a> <!-- method navigator-link -->
                      </span>
                      <br/>
                      <span>
                        <img src="skipped.png" width="3%"/>
                        <a href="#" panel-name="suite-Suite" title="tests.ApprovePendingCreatedTask" class="method navigator-link" hash-for-method="logout">logout</a> <!-- method navigator-link -->
                      </span>
                      <br/>
                      <span>
                        <img src="skipped.png" width="3%"/>
                        <a href="#" panel-name="suite-Suite" title="tests.EvaluationTest" class="method navigator-link" hash-for-method="logout1">logout1</a> <!-- method navigator-link -->
                      </span>
                      <br/>
                      <span>
                        <img src="skipped.png" width="3%"/>
                        <a href="#" panel-name="suite-Suite" title="tests.ApproveEvaluationTest" class="method navigator-link" hash-for-method="logout1">logout1</a> <!-- method navigator-link -->
                      </span>
                      <br/>
                      <span>
                        <img src="skipped.png" width="3%"/>
                        <a href="#" panel-name="suite-Suite" title="tests.TaskTest" class="method navigator-link" hash-for-method="logout1">logout1</a> <!-- method navigator-link -->
                      </span>
                      <br/>
                      <span>
                        <img src="skipped.png" width="3%"/>
                        <a href="#" panel-name="suite-Suite" title="tests.ApproveEvaluationTest" class="method navigator-link" hash-for-method="logout2">logout2</a> <!-- method navigator-link -->
                      </span>
                      <br/>
                      <span>
                        <img src="skipped.png" width="3%"/>
                        <a href="#" panel-name="suite-Suite" title="tests.EvaluationTest" class="method navigator-link" hash-for-method="logout2">logout2</a> <!-- method navigator-link -->
                      </span>
                      <br/>
                      <span>
                        <img src="skipped.png" width="3%"/>
                        <a href="#" panel-name="suite-Suite" title="tests.ApproveEvaluationTest" class="method navigator-link" hash-for-method="managmentevaluation">managmentevaluation</a> <!-- method navigator-link -->
                      </span>
                      <br/>
                    </div> <!-- method-list-content skipped suite-Suite -->
                  </li>
                </ul>
              </div> <!-- suite-section-content -->
            </div> <!-- result-section -->
          </div> <!-- navigator-suite-content -->
        </div> <!-- rounded-window -->
      </div> <!-- suite -->
    </div> <!-- navigator-root -->
    <div class="wrapper">
      <div class="main-panel-root">
        <div panel-name="suite-Suite" class="panel Suite">
          <div class="suite-Suite-class-skipped">
            <div class="main-panel-header rounded-window-top">
              <img src="skipped.png"/>
              <span class="class-name">tests.TaskTest</span>
            </div> <!-- main-panel-header rounded-window-top -->
            <div class="main-panel-content rounded-window-bottom">
              <div class="method">
                <div class="method-content">
                  <a name="Assigndataentry">
                  </a> <!-- Assigndataentry -->
                  <span class="method-name">Assigndataentry</span>
                  <div class="stack-trace">java.lang.Throwable: Method tests.TaskTest.Assigndataentry() on instance tests.TaskTest@791f145a depends on not successfully finished methods 
[tests.TaskTest.LoginSuccessfullysuppervisor() on instance tests.TaskTest@791f145a]
	at java.base/java.util.ArrayList.forEach(ArrayList.java:1511)
... Removed 18 stack frames
</div> <!-- stack-trace -->
                </div> <!-- method-content -->
              </div> <!-- method -->
              <div class="method">
                <div class="method-content">
                  <a name="LoginSuccessfullysuppervisor">
                  </a> <!-- LoginSuccessfullysuppervisor -->
                  <span class="method-name">LoginSuccessfullysuppervisor</span>
                  <div class="stack-trace">java.lang.IllegalStateException: The driver executable must exist: C:\Users\CodeLab\OneDrive\Desktop\Automtionscript\UEP-FirstPublicRelease\InfathSolution\resources\chromedriver.exe
	at org.openqa.selenium.internal.Require$FileStateChecker.isFile(Require.java:342)
	at org.openqa.selenium.remote.service.DriverService.checkExecutable(DriverService.java:147)
	at org.openqa.selenium.remote.service.DriverService.findExecutable(DriverService.java:142)
	at org.openqa.selenium.chrome.ChromeDriverService.access$000(ChromeDriverService.java:38)
	at org.openqa.selenium.chrome.ChromeDriverService$Builder.findDefaultExecutable(ChromeDriverService.java:231)
	at org.openqa.selenium.remote.service.DriverService$Builder.build(DriverService.java:437)
	at org.openqa.selenium.chrome.ChromeDriverService.createServiceWithConfig(ChromeDriverService.java:141)
	at org.openqa.selenium.chrome.ChromeDriver.&lt;init&gt;(ChromeDriver.java:82)
	at tests.TestBase.Startdriver(TestBase.java:26)
... Removed 19 stack frames
</div> <!-- stack-trace -->
                </div> <!-- method-content -->
              </div> <!-- method -->
              <div class="method">
                <div class="method-content">
                  <a name="logout1">
                  </a> <!-- logout1 -->
                  <span class="method-name">logout1</span>
                  <div class="stack-trace">java.lang.Throwable: Method tests.TaskTest.logout1() on instance tests.TaskTest@791f145a depends on not successfully finished methods 
[tests.TaskTest.Assigndataentry() on instance tests.TaskTest@791f145a]
	at java.base/java.util.ArrayList.forEach(ArrayList.java:1511)
... Removed 18 stack frames
</div> <!-- stack-trace -->
                </div> <!-- method-content -->
              </div> <!-- method -->
            </div> <!-- main-panel-content rounded-window-bottom -->
          </div> <!-- suite-Suite-class-skipped -->
          <div class="suite-Suite-class-skipped">
            <div class="main-panel-header rounded-window-top">
              <img src="skipped.png"/>
              <span class="class-name">tests.EvaluationTest</span>
            </div> <!-- main-panel-header rounded-window-top -->
            <div class="main-panel-content rounded-window-bottom">
              <div class="method">
                <div class="method-content">
                  <a name="Evaluator">
                  </a> <!-- Evaluator -->
                  <span class="method-name">Evaluator</span>
                  <div class="stack-trace">java.lang.Throwable: Method tests.EvaluationTest.Evaluator() on instance tests.EvaluationTest@6574a52c depends on not successfully finished methods 
[tests.EvaluationTest.LoginSuccessfullyPurchasingdepartment() on instance tests.EvaluationTest@6574a52c]
	at java.base/java.util.ArrayList.forEach(ArrayList.java:1511)
... Removed 18 stack frames
</div> <!-- stack-trace -->
                </div> <!-- method-content -->
              </div> <!-- method -->
              <div class="method">
                <div class="method-content">
                  <a name="LoginSuccessfullyEvaluationManager">
                  </a> <!-- LoginSuccessfullyEvaluationManager -->
                  <span class="method-name">LoginSuccessfullyEvaluationManager</span>
                  <div class="stack-trace">java.lang.IllegalStateException: The driver executable must exist: C:\Users\CodeLab\OneDrive\Desktop\Automtionscript\UEP-FirstPublicRelease\InfathSolution\resources\chromedriver.exe
	at org.openqa.selenium.internal.Require$FileStateChecker.isFile(Require.java:342)
	at org.openqa.selenium.remote.service.DriverService.checkExecutable(DriverService.java:147)
	at org.openqa.selenium.remote.service.DriverService.findExecutable(DriverService.java:142)
	at org.openqa.selenium.chrome.ChromeDriverService.access$000(ChromeDriverService.java:38)
	at org.openqa.selenium.chrome.ChromeDriverService$Builder.findDefaultExecutable(ChromeDriverService.java:231)
	at org.openqa.selenium.remote.service.DriverService$Builder.build(DriverService.java:437)
	at org.openqa.selenium.chrome.ChromeDriverService.createServiceWithConfig(ChromeDriverService.java:141)
	at org.openqa.selenium.chrome.ChromeDriver.&lt;init&gt;(ChromeDriver.java:82)
	at tests.TestBase.Startdriver(TestBase.java:26)
... Removed 19 stack frames
</div> <!-- stack-trace -->
                </div> <!-- method-content -->
              </div> <!-- method -->
              <div class="method">
                <div class="method-content">
                  <a name="LoginSuccessfullyPurchasingdepartment">
                  </a> <!-- LoginSuccessfullyPurchasingdepartment -->
                  <span class="method-name">LoginSuccessfullyPurchasingdepartment</span>
                  <div class="stack-trace">java.lang.Throwable: Method tests.EvaluationTest.LoginSuccessfullyPurchasingdepartment() on instance tests.EvaluationTest@6574a52c depends on not successfully finished methods 
[tests.EvaluationTest.logout1() on instance tests.EvaluationTest@6574a52c]
	at java.base/java.util.ArrayList.forEach(ArrayList.java:1511)
... Removed 18 stack frames
</div> <!-- stack-trace -->
                </div> <!-- method-content -->
              </div> <!-- method -->
              <div class="method">
                <div class="method-content">
                  <a name="SendhireRequestTest">
                  </a> <!-- SendhireRequestTest -->
                  <span class="method-name">SendhireRequestTest</span>
                  <div class="stack-trace">java.lang.Throwable: Method tests.EvaluationTest.SendhireRequestTest() on instance tests.EvaluationTest@6574a52c depends on not successfully finished methods 
[tests.EvaluationTest.LoginSuccessfullyEvaluationManager() on instance tests.EvaluationTest@6574a52c]
	at java.base/java.util.ArrayList.forEach(ArrayList.java:1511)
... Removed 18 stack frames
</div> <!-- stack-trace -->
                </div> <!-- method-content -->
              </div> <!-- method -->
              <div class="method">
                <div class="method-content">
                  <a name="logout1">
                  </a> <!-- logout1 -->
                  <span class="method-name">logout1</span>
                  <div class="stack-trace">java.lang.Throwable: Method tests.EvaluationTest.logout1() on instance tests.EvaluationTest@6574a52c depends on not successfully finished methods 
[tests.EvaluationTest.SendhireRequestTest() on instance tests.EvaluationTest@6574a52c]
	at java.base/java.util.ArrayList.forEach(ArrayList.java:1511)
... Removed 18 stack frames
</div> <!-- stack-trace -->
                </div> <!-- method-content -->
              </div> <!-- method -->
              <div class="method">
                <div class="method-content">
                  <a name="logout2">
                  </a> <!-- logout2 -->
                  <span class="method-name">logout2</span>
                  <div class="stack-trace">java.lang.Throwable: Method tests.EvaluationTest.logout2() on instance tests.EvaluationTest@6574a52c depends on not successfully finished methods 
[tests.EvaluationTest.Evaluator() on instance tests.EvaluationTest@6574a52c]
	at java.base/java.util.ArrayList.forEach(ArrayList.java:1511)
... Removed 18 stack frames
</div> <!-- stack-trace -->
                </div> <!-- method-content -->
              </div> <!-- method -->
            </div> <!-- main-panel-content rounded-window-bottom -->
          </div> <!-- suite-Suite-class-skipped -->
          <div class="suite-Suite-class-skipped">
            <div class="main-panel-header rounded-window-top">
              <img src="skipped.png"/>
              <span class="class-name">tests.CaseStudytest</span>
            </div> <!-- main-panel-header rounded-window-top -->
            <div class="main-panel-content rounded-window-bottom">
              <div class="method">
                <div class="method-content">
                  <a name="CaseReportTest">
                  </a> <!-- CaseReportTest -->
                  <span class="method-name">CaseReportTest</span>
                  <div class="stack-trace">java.lang.Throwable: Method tests.CaseStudytest.CaseReportTest() on instance tests.CaseStudytest@6c1a5b54 depends on not successfully finished methods 
[tests.CaseStudytest.LoginExternalUser() on instance tests.CaseStudytest@6c1a5b54]
	at java.base/java.util.ArrayList.forEach(ArrayList.java:1511)
... Removed 18 stack frames
</div> <!-- stack-trace -->
                </div> <!-- method-content -->
              </div> <!-- method -->
              <div class="method">
                <div class="method-content">
                  <a name="LoginExternalUser">
                  </a> <!-- LoginExternalUser -->
                  <span class="method-name">LoginExternalUser</span>
                  <div class="stack-trace">java.lang.IllegalStateException: The driver executable must exist: C:\Users\CodeLab\OneDrive\Desktop\Automtionscript\UEP-FirstPublicRelease\InfathSolution\resources\chromedriver.exe
	at org.openqa.selenium.internal.Require$FileStateChecker.isFile(Require.java:342)
	at org.openqa.selenium.remote.service.DriverService.checkExecutable(DriverService.java:147)
	at org.openqa.selenium.remote.service.DriverService.findExecutable(DriverService.java:142)
	at org.openqa.selenium.chrome.ChromeDriverService.access$000(ChromeDriverService.java:38)
	at org.openqa.selenium.chrome.ChromeDriverService$Builder.findDefaultExecutable(ChromeDriverService.java:231)
	at org.openqa.selenium.remote.service.DriverService$Builder.build(DriverService.java:437)
	at org.openqa.selenium.chrome.ChromeDriverService.createServiceWithConfig(ChromeDriverService.java:141)
	at org.openqa.selenium.chrome.ChromeDriver.&lt;init&gt;(ChromeDriver.java:82)
	at tests.TestBase.Startdriver(TestBase.java:26)
... Removed 19 stack frames
</div> <!-- stack-trace -->
                </div> <!-- method-content -->
              </div> <!-- method -->
            </div> <!-- main-panel-content rounded-window-bottom -->
          </div> <!-- suite-Suite-class-skipped -->
          <div class="suite-Suite-class-skipped">
            <div class="main-panel-header rounded-window-top">
              <img src="skipped.png"/>
              <span class="class-name">tests.ApprovePendingCreatedTask</span>
            </div> <!-- main-panel-header rounded-window-top -->
            <div class="main-panel-content rounded-window-bottom">
              <div class="method">
                <div class="method-content">
                  <a name="Assigntaskbyserverprovider">
                  </a> <!-- Assigntaskbyserverprovider -->
                  <span class="method-name">Assigntaskbyserverprovider</span>
                  <div class="stack-trace">java.lang.Throwable: Method tests.ApprovePendingCreatedTask.Assigntaskbyserverprovider() on instance tests.ApprovePendingCreatedTask@1ffaf86 depends on not successfully finished methods 
[tests.ApprovePendingCreatedTask.LoginSuccessfullysuppervisor2() on instance tests.ApprovePendingCreatedTask@1ffaf86]
	at java.base/java.util.ArrayList.forEach(ArrayList.java:1511)
... Removed 18 stack frames
</div> <!-- stack-trace -->
                </div> <!-- method-content -->
              </div> <!-- method -->
              <div class="method">
                <div class="method-content">
                  <a name="LoginSuccessfullysuppervisor2">
                  </a> <!-- LoginSuccessfullysuppervisor2 -->
                  <span class="method-name">LoginSuccessfullysuppervisor2</span>
                  <div class="stack-trace">java.lang.IllegalStateException: The driver executable must exist: C:\Users\CodeLab\OneDrive\Desktop\Automtionscript\UEP-FirstPublicRelease\InfathSolution\resources\chromedriver.exe
	at org.openqa.selenium.internal.Require$FileStateChecker.isFile(Require.java:342)
	at org.openqa.selenium.remote.service.DriverService.checkExecutable(DriverService.java:147)
	at org.openqa.selenium.remote.service.DriverService.findExecutable(DriverService.java:142)
	at org.openqa.selenium.chrome.ChromeDriverService.access$000(ChromeDriverService.java:38)
	at org.openqa.selenium.chrome.ChromeDriverService$Builder.findDefaultExecutable(ChromeDriverService.java:231)
	at org.openqa.selenium.remote.service.DriverService$Builder.build(DriverService.java:437)
	at org.openqa.selenium.chrome.ChromeDriverService.createServiceWithConfig(ChromeDriverService.java:141)
	at org.openqa.selenium.chrome.ChromeDriver.&lt;init&gt;(ChromeDriver.java:82)
	at tests.TestBase.Startdriver(TestBase.java:26)
... Removed 19 stack frames
</div> <!-- stack-trace -->
                </div> <!-- method-content -->
              </div> <!-- method -->
              <div class="method">
                <div class="method-content">
                  <a name="logout">
                  </a> <!-- logout -->
                  <span class="method-name">logout</span>
                  <div class="stack-trace">java.lang.Throwable: Method tests.ApprovePendingCreatedTask.logout() on instance tests.ApprovePendingCreatedTask@1ffaf86 depends on not successfully finished methods 
[tests.ApprovePendingCreatedTask.Assigntaskbyserverprovider() on instance tests.ApprovePendingCreatedTask@1ffaf86]
	at java.base/java.util.ArrayList.forEach(ArrayList.java:1511)
... Removed 18 stack frames
</div> <!-- stack-trace -->
                </div> <!-- method-content -->
              </div> <!-- method -->
            </div> <!-- main-panel-content rounded-window-bottom -->
          </div> <!-- suite-Suite-class-skipped -->
          <div class="suite-Suite-class-skipped">
            <div class="main-panel-header rounded-window-top">
              <img src="skipped.png"/>
              <span class="class-name">tests.ApproveEvaluationTest</span>
            </div> <!-- main-panel-header rounded-window-top -->
            <div class="main-panel-content rounded-window-bottom">
              <div class="method">
                <div class="method-content">
                  <a name="LoginmanagerEvaluation">
                  </a> <!-- LoginmanagerEvaluation -->
                  <span class="method-name">LoginmanagerEvaluation</span>
                  <div class="stack-trace">java.lang.Throwable: Method tests.ApproveEvaluationTest.LoginmanagerEvaluation() on instance tests.ApproveEvaluationTest@1c7696c6 depends on not successfully finished methods 
[tests.ApproveEvaluationTest.logout1() on instance tests.ApproveEvaluationTest@1c7696c6]
	at java.base/java.util.ArrayList.forEach(ArrayList.java:1511)
... Removed 18 stack frames
</div> <!-- stack-trace -->
                </div> <!-- method-content -->
              </div> <!-- method -->
              <div class="method">
                <div class="method-content">
                  <a name="employeeevaluation">
                  </a> <!-- employeeevaluation -->
                  <span class="method-name">employeeevaluation</span>
                  <div class="stack-trace">java.lang.Throwable: Method tests.ApproveEvaluationTest.employeeevaluation() on instance tests.ApproveEvaluationTest@1c7696c6 depends on not successfully finished methods 
[tests.ApproveEvaluationTest.loginEvaluationEmploee() on instance tests.ApproveEvaluationTest@1c7696c6]
	at java.base/java.util.ArrayList.forEach(ArrayList.java:1511)
... Removed 18 stack frames
</div> <!-- stack-trace -->
                </div> <!-- method-content -->
              </div> <!-- method -->
              <div class="method">
                <div class="method-content">
                  <a name="loginEvaluationEmploee">
                  </a> <!-- loginEvaluationEmploee -->
                  <span class="method-name">loginEvaluationEmploee</span>
                  <div class="stack-trace">java.lang.IllegalStateException: The driver executable must exist: C:\Users\CodeLab\OneDrive\Desktop\Automtionscript\UEP-FirstPublicRelease\InfathSolution\resources\chromedriver.exe
	at org.openqa.selenium.internal.Require$FileStateChecker.isFile(Require.java:342)
	at org.openqa.selenium.remote.service.DriverService.checkExecutable(DriverService.java:147)
	at org.openqa.selenium.remote.service.DriverService.findExecutable(DriverService.java:142)
	at org.openqa.selenium.chrome.ChromeDriverService.access$000(ChromeDriverService.java:38)
	at org.openqa.selenium.chrome.ChromeDriverService$Builder.findDefaultExecutable(ChromeDriverService.java:231)
	at org.openqa.selenium.remote.service.DriverService$Builder.build(DriverService.java:437)
	at org.openqa.selenium.chrome.ChromeDriverService.createServiceWithConfig(ChromeDriverService.java:141)
	at org.openqa.selenium.chrome.ChromeDriver.&lt;init&gt;(ChromeDriver.java:82)
	at tests.TestBase.Startdriver(TestBase.java:26)
... Removed 19 stack frames
</div> <!-- stack-trace -->
                </div> <!-- method-content -->
              </div> <!-- method -->
              <div class="method">
                <div class="method-content">
                  <a name="logout1">
                  </a> <!-- logout1 -->
                  <span class="method-name">logout1</span>
                  <div class="stack-trace">java.lang.Throwable: Method tests.ApproveEvaluationTest.logout1() on instance tests.ApproveEvaluationTest@1c7696c6 depends on not successfully finished methods 
[tests.ApproveEvaluationTest.employeeevaluation() on instance tests.ApproveEvaluationTest@1c7696c6]
	at java.base/java.util.ArrayList.forEach(ArrayList.java:1511)
... Removed 18 stack frames
</div> <!-- stack-trace -->
                </div> <!-- method-content -->
              </div> <!-- method -->
              <div class="method">
                <div class="method-content">
                  <a name="logout2">
                  </a> <!-- logout2 -->
                  <span class="method-name">logout2</span>
                  <div class="stack-trace">java.lang.Throwable: Method tests.ApproveEvaluationTest.logout2() on instance tests.ApproveEvaluationTest@1c7696c6 depends on not successfully finished methods 
[tests.ApproveEvaluationTest.managmentevaluation() on instance tests.ApproveEvaluationTest@1c7696c6]
	at java.base/java.util.ArrayList.forEach(ArrayList.java:1511)
... Removed 18 stack frames
</div> <!-- stack-trace -->
                </div> <!-- method-content -->
              </div> <!-- method -->
              <div class="method">
                <div class="method-content">
                  <a name="managmentevaluation">
                  </a> <!-- managmentevaluation -->
                  <span class="method-name">managmentevaluation</span>
                  <div class="stack-trace">java.lang.Throwable: Method tests.ApproveEvaluationTest.managmentevaluation() on instance tests.ApproveEvaluationTest@1c7696c6 depends on not successfully finished methods 
[tests.ApproveEvaluationTest.LoginmanagerEvaluation() on instance tests.ApproveEvaluationTest@1c7696c6]
	at java.base/java.util.ArrayList.forEach(ArrayList.java:1511)
... Removed 18 stack frames
</div> <!-- stack-trace -->
                </div> <!-- method-content -->
              </div> <!-- method -->
            </div> <!-- main-panel-content rounded-window-bottom -->
          </div> <!-- suite-Suite-class-skipped -->
          <div class="suite-Suite-class-skipped">
            <div class="main-panel-header rounded-window-top">
              <img src="skipped.png"/>
              <span class="class-name">tests.DataEntryTest</span>
            </div> <!-- main-panel-header rounded-window-top -->
            <div class="main-panel-content rounded-window-bottom">
              <div class="method">
                <div class="method-content">
                  <a name="DataEntry">
                  </a> <!-- DataEntry -->
                  <span class="method-name">DataEntry</span>
                  <div class="stack-trace">java.lang.Throwable: Method tests.DataEntryTest.DataEntry() on instance tests.DataEntryTest@13e344d depends on not successfully finished methods 
[tests.DataEntryTest.LoginSuccessfullydataentry() on instance tests.DataEntryTest@13e344d]
	at java.base/java.util.ArrayList.forEach(ArrayList.java:1511)
... Removed 18 stack frames
</div> <!-- stack-trace -->
                </div> <!-- method-content -->
              </div> <!-- method -->
              <div class="method">
                <div class="method-content">
                  <a name="LoginSuccessfullydataentry">
                  </a> <!-- LoginSuccessfullydataentry -->
                  <span class="method-name">LoginSuccessfullydataentry</span>
                  <div class="stack-trace">java.lang.IllegalStateException: The driver executable must exist: C:\Users\CodeLab\OneDrive\Desktop\Automtionscript\UEP-FirstPublicRelease\InfathSolution\resources\chromedriver.exe
	at org.openqa.selenium.internal.Require$FileStateChecker.isFile(Require.java:342)
	at org.openqa.selenium.remote.service.DriverService.checkExecutable(DriverService.java:147)
	at org.openqa.selenium.remote.service.DriverService.findExecutable(DriverService.java:142)
	at org.openqa.selenium.chrome.ChromeDriverService.access$000(ChromeDriverService.java:38)
	at org.openqa.selenium.chrome.ChromeDriverService$Builder.findDefaultExecutable(ChromeDriverService.java:231)
	at org.openqa.selenium.remote.service.DriverService$Builder.build(DriverService.java:437)
	at org.openqa.selenium.chrome.ChromeDriverService.createServiceWithConfig(ChromeDriverService.java:141)
	at org.openqa.selenium.chrome.ChromeDriver.&lt;init&gt;(ChromeDriver.java:82)
	at tests.TestBase.Startdriver(TestBase.java:26)
... Removed 19 stack frames
</div> <!-- stack-trace -->
                </div> <!-- method-content -->
              </div> <!-- method -->
              <div class="method">
                <div class="method-content">
                  <a name="logout">
                  </a> <!-- logout -->
                  <span class="method-name">logout</span>
                  <div class="stack-trace">java.lang.Throwable: Method tests.DataEntryTest.logout() on instance tests.DataEntryTest@13e344d depends on not successfully finished methods 
[tests.DataEntryTest.DataEntry() on instance tests.DataEntryTest@13e344d]
	at java.base/java.util.ArrayList.forEach(ArrayList.java:1511)
... Removed 18 stack frames
</div> <!-- stack-trace -->
                </div> <!-- method-content -->
              </div> <!-- method -->
            </div> <!-- main-panel-content rounded-window-bottom -->
          </div> <!-- suite-Suite-class-skipped -->
        </div> <!-- panel Suite -->
        <div panel-name="test-xml-Suite" class="panel">
          <div class="main-panel-header rounded-window-top">
            <span class="header-content">C:\Users\CodeLab\OneDrive\Desktop\Automtionscript\UEP-FirstPublicRelease\InfathSolution\testng.xml</span>
          </div> <!-- main-panel-header rounded-window-top -->
          <div class="main-panel-content rounded-window-bottom">
            <pre>
&lt;?xml version=&quot;1.0&quot; encoding=&quot;UTF-8&quot;?&gt;
&lt;!DOCTYPE suite SYSTEM &quot;https://testng.org/testng-1.0.dtd&quot;&gt;
&lt;suite name=&quot;Suite&quot; guice-stage=&quot;DEVELOPMENT&quot;&gt;
  &lt;test thread-count=&quot;5&quot; name=&quot;Test&quot;&gt;
    &lt;classes&gt;
      &lt;class name=&quot;tests.TaskTest&quot;/&gt;
      &lt;class name=&quot;tests.DataEntryTest&quot;/&gt;
      &lt;class name=&quot;tests.ApprovePendingCreatedTask&quot;/&gt;
      &lt;class name=&quot;tests.EvaluationTest&quot;/&gt;
      &lt;class name=&quot;tests.CaseStudytest&quot;/&gt;
      &lt;class name=&quot;tests.ApproveEvaluationTest&quot;/&gt;
    &lt;/classes&gt;
  &lt;/test&gt; &lt;!-- Test --&gt;
&lt;/suite&gt; &lt;!-- Suite --&gt;
            </pre>
          </div> <!-- main-panel-content rounded-window-bottom -->
        </div> <!-- panel -->
        <div panel-name="testlist-Suite" class="panel">
          <div class="main-panel-header rounded-window-top">
            <span class="header-content">Tests for Suite</span>
          </div> <!-- main-panel-header rounded-window-top -->
          <div class="main-panel-content rounded-window-bottom">
            <ul>
              <li>
                <span class="test-name">Test (6 classes)</span>
              </li>
            </ul>
          </div> <!-- main-panel-content rounded-window-bottom -->
        </div> <!-- panel -->
        <div panel-name="group-Suite" class="panel">
          <div class="main-panel-header rounded-window-top">
            <span class="header-content">Groups for Suite</span>
          </div> <!-- main-panel-header rounded-window-top -->
          <div class="main-panel-content rounded-window-bottom">
          </div> <!-- main-panel-content rounded-window-bottom -->
        </div> <!-- panel -->
        <div panel-name="times-Suite" class="panel">
          <div class="main-panel-header rounded-window-top">
            <span class="header-content">Times for Suite</span>
          </div> <!-- main-panel-header rounded-window-top -->
          <div class="main-panel-content rounded-window-bottom">
            <div class="times-div">
              <script type="text/javascript">
suiteTableInitFunctions.push('tableData_Suite');
function tableData_Suite() {
var data = new google.visualization.DataTable();
data.addColumn('number', 'Number');
data.addColumn('string', 'Method');
data.addColumn('string', 'Class');
data.addColumn('number', 'Time (ms)');
data.addRows(23);
data.setCell(0, 0, 0)
data.setCell(0, 1, 'loginEvaluationEmploee')
data.setCell(0, 2, 'tests.ApproveEvaluationTest')
data.setCell(0, 3, 2);
data.setCell(1, 0, 1)
data.setCell(1, 1, 'Assigntaskbyserverprovider')
data.setCell(1, 2, 'tests.ApprovePendingCreatedTask')
data.setCell(1, 3, 1);
data.setCell(2, 0, 2)
data.setCell(2, 1, 'logout1')
data.setCell(2, 2, 'tests.ApproveEvaluationTest')
data.setCell(2, 3, 1);
data.setCell(3, 0, 3)
data.setCell(3, 1, 'Evaluator')
data.setCell(3, 2, 'tests.EvaluationTest')
data.setCell(3, 3, 1);
data.setCell(4, 0, 4)
data.setCell(4, 1, 'DataEntry')
data.setCell(4, 2, 'tests.DataEntryTest')
data.setCell(4, 3, 1);
data.setCell(5, 0, 5)
data.setCell(5, 1, 'logout')
data.setCell(5, 2, 'tests.DataEntryTest')
data.setCell(5, 3, 0);
data.setCell(6, 0, 6)
data.setCell(6, 1, 'LoginSuccessfullyEvaluationManager')
data.setCell(6, 2, 'tests.EvaluationTest')
data.setCell(6, 3, 0);
data.setCell(7, 0, 7)
data.setCell(7, 1, 'LoginExternalUser')
data.setCell(7, 2, 'tests.CaseStudytest')
data.setCell(7, 3, 0);
data.setCell(8, 0, 8)
data.setCell(8, 1, 'LoginSuccessfullydataentry')
data.setCell(8, 2, 'tests.DataEntryTest')
data.setCell(8, 3, 0);
data.setCell(9, 0, 9)
data.setCell(9, 1, 'logout2')
data.setCell(9, 2, 'tests.ApproveEvaluationTest')
data.setCell(9, 3, 0);
data.setCell(10, 0, 10)
data.setCell(10, 1, 'LoginmanagerEvaluation')
data.setCell(10, 2, 'tests.ApproveEvaluationTest')
data.setCell(10, 3, 0);
data.setCell(11, 0, 11)
data.setCell(11, 1, 'LoginSuccessfullysuppervisor2')
data.setCell(11, 2, 'tests.ApprovePendingCreatedTask')
data.setCell(11, 3, 0);
data.setCell(12, 0, 12)
data.setCell(12, 1, 'logout1')
data.setCell(12, 2, 'tests.EvaluationTest')
data.setCell(12, 3, 0);
data.setCell(13, 0, 13)
data.setCell(13, 1, 'CaseReportTest')
data.setCell(13, 2, 'tests.CaseStudytest')
data.setCell(13, 3, 0);
data.setCell(14, 0, 14)
data.setCell(14, 1, 'LoginSuccessfullyPurchasingdepartment')
data.setCell(14, 2, 'tests.EvaluationTest')
data.setCell(14, 3, 0);
data.setCell(15, 0, 15)
data.setCell(15, 1, 'LoginSuccessfullysuppervisor')
data.setCell(15, 2, 'tests.TaskTest')
data.setCell(15, 3, 0);
data.setCell(16, 0, 16)
data.setCell(16, 1, 'employeeevaluation')
data.setCell(16, 2, 'tests.ApproveEvaluationTest')
data.setCell(16, 3, 0);
data.setCell(17, 0, 17)
data.setCell(17, 1, 'Assigndataentry')
data.setCell(17, 2, 'tests.TaskTest')
data.setCell(17, 3, 0);
data.setCell(18, 0, 18)
data.setCell(18, 1, 'logout2')
data.setCell(18, 2, 'tests.EvaluationTest')
data.setCell(18, 3, 0);
data.setCell(19, 0, 19)
data.setCell(19, 1, 'logout')
data.setCell(19, 2, 'tests.ApprovePendingCreatedTask')
data.setCell(19, 3, 0);
data.setCell(20, 0, 20)
data.setCell(20, 1, 'logout1')
data.setCell(20, 2, 'tests.TaskTest')
data.setCell(20, 3, 0);
data.setCell(21, 0, 21)
data.setCell(21, 1, 'SendhireRequestTest')
data.setCell(21, 2, 'tests.EvaluationTest')
data.setCell(21, 3, 0);
data.setCell(22, 0, 22)
data.setCell(22, 1, 'managmentevaluation')
data.setCell(22, 2, 'tests.ApproveEvaluationTest')
data.setCell(22, 3, 0);
window.suiteTableData['Suite']= { tableData: data, tableDiv: 'times-div-Suite'}
return data;
}
              </script>
              <span class="suite-total-time">Total running time: 6 ms</span>
              <div id="times-div-Suite">
              </div> <!-- times-div-Suite -->
            </div> <!-- times-div -->
          </div> <!-- main-panel-content rounded-window-bottom -->
        </div> <!-- panel -->
        <div panel-name="reporter-Suite" class="panel">
          <div class="main-panel-header rounded-window-top">
            <span class="header-content">Reporter output for Suite</span>
          </div> <!-- main-panel-header rounded-window-top -->
          <div class="main-panel-content rounded-window-bottom">
          </div> <!-- main-panel-content rounded-window-bottom -->
        </div> <!-- panel -->
        <div panel-name="ignored-methods-Suite" class="panel">
          <div class="main-panel-header rounded-window-top">
            <span class="header-content">4 ignored methods</span>
          </div> <!-- main-panel-header rounded-window-top -->
          <div class="main-panel-content rounded-window-bottom">
            <div class="ignored-class-div">
              <span class="ignored-class-name">tests.EvaluationTest</span>
              <div class="ignored-methods-div">
                <span class="ignored-method-name">Startdriver</span>
                <br/>
              </div> <!-- ignored-methods-div -->
            </div> <!-- ignored-class-div -->
            <div class="ignored-class-div">
              <span class="ignored-class-name">tests.ApprovePendingCreatedTask</span>
              <div class="ignored-methods-div">
                <span class="ignored-method-name">Startdriver</span>
                <br/>
              </div> <!-- ignored-methods-div -->
            </div> <!-- ignored-class-div -->
            <div class="ignored-class-div">
              <span class="ignored-class-name">tests.ApproveEvaluationTest</span>
              <div class="ignored-methods-div">
                <span class="ignored-method-name">Startdriver</span>
                <br/>
              </div> <!-- ignored-methods-div -->
            </div> <!-- ignored-class-div -->
            <div class="ignored-class-div">
              <span class="ignored-class-name">tests.DataEntryTest</span>
              <div class="ignored-methods-div">
                <span class="ignored-method-name">Startdriver</span>
                <br/>
              </div> <!-- ignored-methods-div -->
            </div> <!-- ignored-class-div -->
          </div> <!-- main-panel-content rounded-window-bottom -->
        </div> <!-- panel -->
        <div panel-name="chronological-Suite" class="panel">
          <div class="main-panel-header rounded-window-top">
            <span class="header-content">Methods in chronological order</span>
          </div> <!-- main-panel-header rounded-window-top -->
          <div class="main-panel-content rounded-window-bottom">
            <div class="chronological-class">
              <div class="chronological-class-name">tests.TaskTest</div> <!-- chronological-class-name -->
              <div class="configuration-suite before">
                <img src="failed.png">
                </img>
                <span class="method-name">Startdriver(chrome)</span>
                <span class="method-start">0 ms</span>
              </div> <!-- configuration-suite before -->
            </div> <!-- chronological-class -->
            <div class="chronological-class">
              <div class="chronological-class-name">tests.CaseStudytest</div> <!-- chronological-class-name -->
              <div class="configuration-suite before">
                <span class="method-name">Startdriver</span>
                <span class="method-start">62 ms</span>
              </div> <!-- configuration-suite before -->
            </div> <!-- chronological-class -->
            <div class="chronological-class">
              <div class="chronological-class-name">tests.TaskTest</div> <!-- chronological-class-name -->
              <div class="test-method">
                <span class="method-name">LoginSuccessfullysuppervisor</span>
                <span class="method-start">89 ms</span>
              </div> <!-- test-method -->
              <div class="test-method">
                <span class="method-name">Assigndataentry</span>
                <span class="method-start">96 ms</span>
              </div> <!-- test-method -->
              <div class="test-method">
                <span class="method-name">logout1</span>
                <span class="method-start">99 ms</span>
              </div> <!-- test-method -->
            </div> <!-- chronological-class -->
            <div class="chronological-class">
              <div class="chronological-class-name">tests.DataEntryTest</div> <!-- chronological-class-name -->
              <div class="test-method">
                <span class="method-name">LoginSuccessfullydataentry</span>
                <span class="method-start">102 ms</span>
              </div> <!-- test-method -->
              <div class="test-method">
                <span class="method-name">DataEntry</span>
                <span class="method-start">103 ms</span>
              </div> <!-- test-method -->
              <div class="test-method">
                <span class="method-name">logout</span>
                <span class="method-start">105 ms</span>
              </div> <!-- test-method -->
            </div> <!-- chronological-class -->
            <div class="chronological-class">
              <div class="chronological-class-name">tests.ApprovePendingCreatedTask</div> <!-- chronological-class-name -->
              <div class="test-method">
                <span class="method-name">LoginSuccessfullysuppervisor2</span>
                <span class="method-start">107 ms</span>
              </div> <!-- test-method -->
              <div class="test-method">
                <span class="method-name">Assigntaskbyserverprovider</span>
                <span class="method-start">108 ms</span>
              </div> <!-- test-method -->
              <div class="test-method">
                <span class="method-name">logout</span>
                <span class="method-start">111 ms</span>
              </div> <!-- test-method -->
            </div> <!-- chronological-class -->
            <div class="chronological-class">
              <div class="chronological-class-name">tests.EvaluationTest</div> <!-- chronological-class-name -->
              <div class="test-method">
                <span class="method-name">LoginSuccessfullyEvaluationManager</span>
                <span class="method-start">113 ms</span>
              </div> <!-- test-method -->
              <div class="test-method">
                <span class="method-name">SendhireRequestTest</span>
                <span class="method-start">116 ms</span>
              </div> <!-- test-method -->
              <div class="test-method">
                <span class="method-name">logout1</span>
                <span class="method-start">118 ms</span>
              </div> <!-- test-method -->
              <div class="test-method">
                <span class="method-name">LoginSuccessfullyPurchasingdepartment</span>
                <span class="method-start">120 ms</span>
              </div> <!-- test-method -->
              <div class="test-method">
                <span class="method-name">Evaluator</span>
                <span class="method-start">121 ms</span>
              </div> <!-- test-method -->
              <div class="test-method">
                <span class="method-name">logout2</span>
                <span class="method-start">123 ms</span>
              </div> <!-- test-method -->
            </div> <!-- chronological-class -->
            <div class="chronological-class">
              <div class="chronological-class-name">tests.CaseStudytest</div> <!-- chronological-class-name -->
              <div class="test-method">
                <span class="method-name">LoginExternalUser</span>
                <span class="method-start">125 ms</span>
              </div> <!-- test-method -->
            </div> <!-- chronological-class -->
            <div class="chronological-class">
              <div class="chronological-class-name">tests.ApproveEvaluationTest</div> <!-- chronological-class-name -->
              <div class="test-method">
                <span class="method-name">loginEvaluationEmploee</span>
                <span class="method-start">127 ms</span>
              </div> <!-- test-method -->
            </div> <!-- chronological-class -->
            <div class="chronological-class">
              <div class="chronological-class-name">tests.CaseStudytest</div> <!-- chronological-class-name -->
              <div class="test-method">
                <span class="method-name">CaseReportTest</span>
                <span class="method-start">127 ms</span>
              </div> <!-- test-method -->
            </div> <!-- chronological-class -->
            <div class="chronological-class">
              <div class="chronological-class-name">tests.ApproveEvaluationTest</div> <!-- chronological-class-name -->
              <div class="test-method">
                <span class="method-name">employeeevaluation</span>
                <span class="method-start">130 ms</span>
              </div> <!-- test-method -->
              <div class="test-method">
                <span class="method-name">logout1</span>
                <span class="method-start">131 ms</span>
              </div> <!-- test-method -->
              <div class="test-method">
                <span class="method-name">LoginmanagerEvaluation</span>
                <span class="method-start">133 ms</span>
              </div> <!-- test-method -->
              <div class="test-method">
                <span class="method-name">managmentevaluation</span>
                <span class="method-start">135 ms</span>
              </div> <!-- test-method -->
              <div class="test-method">
                <span class="method-name">logout2</span>
                <span class="method-start">136 ms</span>
              </div> <!-- test-method -->
          </div> <!-- main-panel-content rounded-window-bottom -->
        </div> <!-- panel -->
      </div> <!-- main-panel-root -->
    </div> <!-- wrapper -->
  </body>
<script type="text/javascript" src="testng-reports2.js"></script>
</html>
